{
	"/home/runner/work/obsidian-interval-timer/obsidian-interval-timer/src/countdownTimer.ts": {
		"path": "/home/runner/work/obsidian-interval-timer/obsidian-interval-timer/src/countdownTimer.ts",
		"all": false,
		"statementMap": {
			"0": {
				"start": { "line": 1, "column": 0 },
				"end": { "line": 1, "column": 40 }
			},
			"4": {
				"start": { "line": 5, "column": 0 },
				"end": { "line": 5, "column": 27 }
			},
			"5": {
				"start": { "line": 6, "column": 0 },
				"end": { "line": 6, "column": 15 }
			},
			"6": {
				"start": { "line": 7, "column": 0 },
				"end": { "line": 7, "column": 11 }
			},
			"7": {
				"start": { "line": 8, "column": 0 },
				"end": { "line": 8, "column": 10 }
			},
			"8": {
				"start": { "line": 9, "column": 0 },
				"end": { "line": 9, "column": 13 }
			},
			"9": {
				"start": { "line": 10, "column": 0 },
				"end": { "line": 10, "column": 11 }
			},
			"31": {
				"start": { "line": 32, "column": 0 },
				"end": { "line": 32, "column": 29 }
			},
			"42": {
				"start": { "line": 43, "column": 0 },
				"end": { "line": 43, "column": 13 }
			},
			"43": {
				"start": { "line": 44, "column": 0 },
				"end": { "line": 44, "column": 20 }
			},
			"44": {
				"start": { "line": 45, "column": 0 },
				"end": { "line": 45, "column": 35 }
			},
			"45": {
				"start": { "line": 46, "column": 0 },
				"end": { "line": 46, "column": 36 }
			},
			"46": {
				"start": { "line": 47, "column": 0 },
				"end": { "line": 47, "column": 26 }
			},
			"47": {
				"start": { "line": 48, "column": 0 },
				"end": { "line": 48, "column": 4 }
			},
			"48": {
				"start": { "line": 49, "column": 0 },
				"end": { "line": 49, "column": 25 }
			},
			"49": {
				"start": { "line": 50, "column": 0 },
				"end": { "line": 50, "column": 31 }
			},
			"50": {
				"start": { "line": 51, "column": 0 },
				"end": { "line": 51, "column": 22 }
			},
			"51": {
				"start": { "line": 52, "column": 0 },
				"end": { "line": 52, "column": 32 }
			},
			"52": {
				"start": { "line": 53, "column": 0 },
				"end": { "line": 53, "column": 32 }
			},
			"53": {
				"start": { "line": 54, "column": 0 },
				"end": { "line": 54, "column": 4 }
			},
			"54": {
				"start": { "line": 55, "column": 0 },
				"end": { "line": 55, "column": 65 }
			},
			"55": {
				"start": { "line": 56, "column": 0 },
				"end": { "line": 56, "column": 31 }
			},
			"56": {
				"start": { "line": 57, "column": 0 },
				"end": { "line": 57, "column": 2 }
			},
			"58": {
				"start": { "line": 59, "column": 0 },
				"end": { "line": 59, "column": 61 }
			},
			"59": {
				"start": { "line": 60, "column": 0 },
				"end": { "line": 60, "column": 73 }
			},
			"60": {
				"start": { "line": 61, "column": 0 },
				"end": { "line": 61, "column": 29 }
			},
			"61": {
				"start": { "line": 62, "column": 0 },
				"end": { "line": 62, "column": 3 }
			},
			"63": {
				"start": { "line": 64, "column": 0 },
				"end": { "line": 64, "column": 35 }
			},
			"64": {
				"start": { "line": 65, "column": 0 },
				"end": { "line": 65, "column": 49 }
			},
			"65": {
				"start": { "line": 66, "column": 0 },
				"end": { "line": 66, "column": 39 }
			},
			"66": {
				"start": { "line": 67, "column": 0 },
				"end": { "line": 67, "column": 12 }
			},
			"67": {
				"start": { "line": 68, "column": 0 },
				"end": { "line": 68, "column": 15 }
			},
			"68": {
				"start": { "line": 69, "column": 0 },
				"end": { "line": 69, "column": 59 }
			},
			"69": {
				"start": { "line": 70, "column": 0 },
				"end": { "line": 70, "column": 16 }
			},
			"70": {
				"start": { "line": 71, "column": 0 },
				"end": { "line": 71, "column": 6 }
			},
			"71": {
				"start": { "line": 72, "column": 0 },
				"end": { "line": 72, "column": 15 }
			},
			"72": {
				"start": { "line": 73, "column": 0 },
				"end": { "line": 73, "column": 59 }
			},
			"73": {
				"start": { "line": 74, "column": 0 },
				"end": { "line": 74, "column": 16 }
			},
			"74": {
				"start": { "line": 75, "column": 0 },
				"end": { "line": 75, "column": 7 }
			},
			"75": {
				"start": { "line": 76, "column": 0 },
				"end": { "line": 76, "column": 4 }
			},
			"76": {
				"start": { "line": 77, "column": 0 },
				"end": { "line": 77, "column": 17 }
			},
			"78": {
				"start": { "line": 79, "column": 0 },
				"end": { "line": 79, "column": 47 }
			},
			"79": {
				"start": { "line": 80, "column": 0 },
				"end": { "line": 80, "column": 39 }
			},
			"80": {
				"start": { "line": 81, "column": 0 },
				"end": { "line": 81, "column": 37 }
			},
			"81": {
				"start": { "line": 82, "column": 0 },
				"end": { "line": 82, "column": 11 }
			},
			"82": {
				"start": { "line": 83, "column": 0 },
				"end": { "line": 83, "column": 4 }
			},
			"84": {
				"start": { "line": 85, "column": 0 },
				"end": { "line": 85, "column": 50 }
			},
			"86": {
				"start": { "line": 87, "column": 0 },
				"end": { "line": 87, "column": 33 }
			},
			"87": {
				"start": { "line": 88, "column": 0 },
				"end": { "line": 88, "column": 44 }
			},
			"88": {
				"start": { "line": 89, "column": 0 },
				"end": { "line": 89, "column": 4 }
			},
			"89": {
				"start": { "line": 90, "column": 0 },
				"end": { "line": 90, "column": 31 }
			},
			"90": {
				"start": { "line": 91, "column": 0 },
				"end": { "line": 91, "column": 37 }
			},
			"91": {
				"start": { "line": 92, "column": 0 },
				"end": { "line": 92, "column": 39 }
			},
			"92": {
				"start": { "line": 93, "column": 0 },
				"end": { "line": 93, "column": 24 }
			},
			"93": {
				"start": { "line": 94, "column": 0 },
				"end": { "line": 94, "column": 4 }
			},
			"94": {
				"start": { "line": 95, "column": 0 },
				"end": { "line": 95, "column": 10 }
			},
			"96": {
				"start": { "line": 97, "column": 0 },
				"end": { "line": 97, "column": 16 }
			},
			"97": {
				"start": { "line": 98, "column": 0 },
				"end": { "line": 98, "column": 19 }
			},
			"98": {
				"start": { "line": 99, "column": 0 },
				"end": { "line": 99, "column": 14 }
			},
			"99": {
				"start": { "line": 100, "column": 0 },
				"end": { "line": 100, "column": 39 }
			},
			"100": {
				"start": { "line": 101, "column": 0 },
				"end": { "line": 101, "column": 4 }
			},
			"102": {
				"start": { "line": 103, "column": 0 },
				"end": { "line": 103, "column": 31 }
			},
			"103": {
				"start": { "line": 104, "column": 0 },
				"end": { "line": 104, "column": 2 }
			},
			"105": {
				"start": { "line": 106, "column": 0 },
				"end": { "line": 106, "column": 61 }
			},
			"106": {
				"start": { "line": 107, "column": 0 },
				"end": { "line": 107, "column": 63 }
			},
			"108": {
				"start": { "line": 109, "column": 0 },
				"end": { "line": 109, "column": 46 }
			},
			"109": {
				"start": { "line": 110, "column": 0 },
				"end": { "line": 110, "column": 16 }
			},
			"110": {
				"start": { "line": 111, "column": 0 },
				"end": { "line": 111, "column": 18 }
			},
			"111": {
				"start": { "line": 112, "column": 0 },
				"end": { "line": 112, "column": 39 }
			},
			"112": {
				"start": { "line": 113, "column": 0 },
				"end": { "line": 113, "column": 4 }
			},
			"113": {
				"start": { "line": 114, "column": 0 },
				"end": { "line": 114, "column": 18 }
			},
			"114": {
				"start": { "line": 115, "column": 0 },
				"end": { "line": 115, "column": 43 }
			},
			"115": {
				"start": { "line": 116, "column": 0 },
				"end": { "line": 116, "column": 43 }
			},
			"116": {
				"start": { "line": 117, "column": 0 },
				"end": { "line": 117, "column": 5 }
			},
			"118": {
				"start": { "line": 119, "column": 0 },
				"end": { "line": 119, "column": 31 }
			},
			"119": {
				"start": { "line": 120, "column": 0 },
				"end": { "line": 120, "column": 2 }
			},
			"121": {
				"start": { "line": 122, "column": 0 },
				"end": { "line": 122, "column": 76 }
			},
			"122": {
				"start": { "line": 123, "column": 0 },
				"end": { "line": 123, "column": 38 }
			},
			"123": {
				"start": { "line": 124, "column": 0 },
				"end": { "line": 124, "column": 47 }
			},
			"124": {
				"start": { "line": 125, "column": 0 },
				"end": { "line": 125, "column": 3 }
			},
			"125": {
				"start": { "line": 126, "column": 0 },
				"end": { "line": 126, "column": 16 }
			},
			"126": {
				"start": { "line": 127, "column": 0 },
				"end": { "line": 127, "column": 23 }
			},
			"127": {
				"start": { "line": 128, "column": 0 },
				"end": { "line": 128, "column": 33 }
			},
			"128": {
				"start": { "line": 129, "column": 0 },
				"end": { "line": 129, "column": 4 }
			},
			"129": {
				"start": { "line": 130, "column": 0 },
				"end": { "line": 130, "column": 10 }
			},
			"130": {
				"start": { "line": 131, "column": 0 },
				"end": { "line": 131, "column": 21 }
			},
			"131": {
				"start": { "line": 132, "column": 0 },
				"end": { "line": 132, "column": 13 }
			},
			"132": {
				"start": { "line": 133, "column": 0 },
				"end": { "line": 133, "column": 38 }
			},
			"133": {
				"start": { "line": 134, "column": 0 },
				"end": { "line": 134, "column": 38 }
			},
			"134": {
				"start": { "line": 135, "column": 0 },
				"end": { "line": 135, "column": 5 }
			},
			"135": {
				"start": { "line": 136, "column": 0 },
				"end": { "line": 136, "column": 4 }
			},
			"136": {
				"start": { "line": 137, "column": 0 },
				"end": { "line": 137, "column": 2 }
			},
			"138": {
				"start": { "line": 139, "column": 0 },
				"end": { "line": 139, "column": 45 }
			},
			"139": {
				"start": { "line": 140, "column": 0 },
				"end": { "line": 140, "column": 38 }
			},
			"140": {
				"start": { "line": 141, "column": 0 },
				"end": { "line": 141, "column": 26 }
			},
			"141": {
				"start": { "line": 142, "column": 0 },
				"end": { "line": 142, "column": 15 }
			},
			"142": {
				"start": { "line": 143, "column": 0 },
				"end": { "line": 143, "column": 2 }
			},
			"144": {
				"start": { "line": 145, "column": 0 },
				"end": { "line": 145, "column": 42 }
			},
			"145": {
				"start": { "line": 146, "column": 0 },
				"end": { "line": 146, "column": 25 }
			},
			"146": {
				"start": { "line": 147, "column": 0 },
				"end": { "line": 147, "column": 2 }
			},
			"148": {
				"start": { "line": 149, "column": 0 },
				"end": { "line": 149, "column": 27 }
			},
			"149": {
				"start": { "line": 150, "column": 0 },
				"end": { "line": 150, "column": 18 }
			},
			"150": {
				"start": { "line": 151, "column": 0 },
				"end": { "line": 151, "column": 45 }
			},
			"151": {
				"start": { "line": 152, "column": 0 },
				"end": { "line": 152, "column": 38 }
			},
			"152": {
				"start": { "line": 153, "column": 0 },
				"end": { "line": 153, "column": 22 }
			},
			"153": {
				"start": { "line": 154, "column": 0 },
				"end": { "line": 154, "column": 3 }
			},
			"155": {
				"start": { "line": 156, "column": 0 },
				"end": { "line": 156, "column": 49 }
			},
			"156": {
				"start": { "line": 157, "column": 0 },
				"end": { "line": 157, "column": 30 }
			},
			"157": {
				"start": { "line": 158, "column": 0 },
				"end": { "line": 158, "column": 60 }
			},
			"158": {
				"start": { "line": 159, "column": 0 },
				"end": { "line": 159, "column": 63 }
			},
			"160": {
				"start": { "line": 161, "column": 0 },
				"end": { "line": 161, "column": 28 }
			},
			"161": {
				"start": { "line": 162, "column": 0 },
				"end": { "line": 162, "column": 54 }
			},
			"162": {
				"start": { "line": 163, "column": 0 },
				"end": { "line": 163, "column": 55 }
			},
			"163": {
				"start": { "line": 164, "column": 0 },
				"end": { "line": 164, "column": 4 }
			},
			"165": {
				"start": { "line": 166, "column": 0 },
				"end": { "line": 166, "column": 67 }
			},
			"166": {
				"start": { "line": 167, "column": 0 },
				"end": { "line": 167, "column": 2 }
			},
			"167": {
				"start": { "line": 168, "column": 0 },
				"end": { "line": 168, "column": 1 }
			}
		},
		"s": {
			"0": 1,
			"4": 1,
			"5": 1,
			"6": 1,
			"7": 1,
			"8": 1,
			"9": 1,
			"31": 1,
			"42": 1,
			"43": 9,
			"44": 9,
			"45": 9,
			"46": 9,
			"47": 9,
			"48": 9,
			"49": 9,
			"50": 9,
			"51": 9,
			"52": 9,
			"53": 9,
			"54": 9,
			"55": 9,
			"56": 9,
			"58": 1,
			"59": 8,
			"60": 2,
			"61": 2,
			"63": 6,
			"64": 6,
			"65": 6,
			"66": 0,
			"67": 0,
			"68": 0,
			"69": 0,
			"70": 0,
			"71": 0,
			"72": 0,
			"73": 0,
			"74": 0,
			"75": 6,
			"76": 6,
			"78": 6,
			"79": 258,
			"80": 0,
			"81": 0,
			"82": 0,
			"84": 258,
			"86": 258,
			"87": 255,
			"88": 255,
			"89": 258,
			"90": 3,
			"91": 3,
			"92": 3,
			"93": 3,
			"94": 6,
			"96": 6,
			"97": 6,
			"98": 6,
			"99": 6,
			"100": 6,
			"102": 6,
			"103": 8,
			"105": 1,
			"106": 3,
			"108": 1,
			"109": 1,
			"110": 1,
			"111": 1,
			"112": 1,
			"113": 1,
			"114": 1,
			"115": 1,
			"116": 1,
			"118": 3,
			"119": 3,
			"121": 1,
			"122": 0,
			"123": 0,
			"124": 0,
			"125": 0,
			"126": 0,
			"127": 0,
			"128": 0,
			"129": 0,
			"130": 0,
			"131": 0,
			"132": 0,
			"133": 0,
			"134": 0,
			"135": 0,
			"136": 0,
			"138": 1,
			"139": 2,
			"140": 2,
			"141": 0,
			"142": 2,
			"144": 1,
			"145": 0,
			"146": 0,
			"148": 1,
			"149": 258,
			"150": 258,
			"151": 258,
			"152": 0,
			"153": 0,
			"155": 258,
			"156": 258,
			"157": 258,
			"158": 258,
			"160": 258,
			"161": 258,
			"162": 258,
			"163": 258,
			"165": 258,
			"166": 258,
			"167": 1
		},
		"branchMap": {
			"0": {
				"type": "branch",
				"line": 43,
				"loc": {
					"start": { "line": 43, "column": 1 },
					"end": { "line": 57, "column": 2 }
				},
				"locations": [
					{
						"start": { "line": 43, "column": 1 },
						"end": { "line": 57, "column": 2 }
					}
				]
			},
			"1": {
				"type": "branch",
				"line": 59,
				"loc": {
					"start": { "line": 59, "column": 8 },
					"end": { "line": 104, "column": 2 }
				},
				"locations": [
					{
						"start": { "line": 59, "column": 8 },
						"end": { "line": 104, "column": 2 }
					}
				]
			},
			"2": {
				"type": "branch",
				"line": 60,
				"loc": {
					"start": { "line": 60, "column": 26 },
					"end": { "line": 60, "column": 72 }
				},
				"locations": [
					{
						"start": { "line": 60, "column": 26 },
						"end": { "line": 60, "column": 72 }
					}
				]
			},
			"3": {
				"type": "branch",
				"line": 60,
				"loc": {
					"start": { "line": 60, "column": 72 },
					"end": { "line": 62, "column": 3 }
				},
				"locations": [
					{
						"start": { "line": 60, "column": 72 },
						"end": { "line": 62, "column": 3 }
					}
				]
			},
			"4": {
				"type": "branch",
				"line": 62,
				"loc": {
					"start": { "line": 62, "column": 2 },
					"end": { "line": 103, "column": 31 }
				},
				"locations": [
					{
						"start": { "line": 62, "column": 2 },
						"end": { "line": 103, "column": 31 }
					}
				]
			},
			"5": {
				"type": "branch",
				"line": 65,
				"loc": {
					"start": { "line": 65, "column": 34 },
					"end": { "line": 65, "column": 48 }
				},
				"locations": [
					{
						"start": { "line": 65, "column": 34 },
						"end": { "line": 65, "column": 48 }
					}
				]
			},
			"6": {
				"type": "branch",
				"line": 79,
				"loc": {
					"start": { "line": 79, "column": 40 },
					"end": { "line": 95, "column": 5 }
				},
				"locations": [
					{
						"start": { "line": 79, "column": 40 },
						"end": { "line": 95, "column": 5 }
					}
				]
			},
			"7": {
				"type": "branch",
				"line": 80,
				"loc": {
					"start": { "line": 80, "column": 38 },
					"end": { "line": 83, "column": 4 }
				},
				"locations": [
					{
						"start": { "line": 80, "column": 38 },
						"end": { "line": 83, "column": 4 }
					}
				]
			},
			"8": {
				"type": "branch",
				"line": 87,
				"loc": {
					"start": { "line": 87, "column": 32 },
					"end": { "line": 89, "column": 4 }
				},
				"locations": [
					{
						"start": { "line": 87, "column": 32 },
						"end": { "line": 89, "column": 4 }
					}
				]
			},
			"9": {
				"type": "branch",
				"line": 90,
				"loc": {
					"start": { "line": 90, "column": 30 },
					"end": { "line": 94, "column": 4 }
				},
				"locations": [
					{
						"start": { "line": 90, "column": 30 },
						"end": { "line": 94, "column": 4 }
					}
				]
			},
			"10": {
				"type": "branch",
				"line": 106,
				"loc": {
					"start": { "line": 106, "column": 8 },
					"end": { "line": 120, "column": 2 }
				},
				"locations": [
					{
						"start": { "line": 106, "column": 8 },
						"end": { "line": 120, "column": 2 }
					}
				]
			},
			"11": {
				"type": "branch",
				"line": 107,
				"loc": {
					"start": { "line": 107, "column": 37 },
					"end": { "line": 107, "column": 63 }
				},
				"locations": [
					{
						"start": { "line": 107, "column": 37 },
						"end": { "line": 107, "column": 63 }
					}
				]
			},
			"12": {
				"type": "branch",
				"line": 107,
				"loc": {
					"start": { "line": 107, "column": 61 },
					"end": { "line": 117, "column": 5 }
				},
				"locations": [
					{
						"start": { "line": 107, "column": 61 },
						"end": { "line": 117, "column": 5 }
					}
				]
			},
			"13": {
				"type": "branch",
				"line": 139,
				"loc": {
					"start": { "line": 139, "column": 8 },
					"end": { "line": 143, "column": 2 }
				},
				"locations": [
					{
						"start": { "line": 139, "column": 8 },
						"end": { "line": 143, "column": 2 }
					}
				]
			},
			"14": {
				"type": "branch",
				"line": 141,
				"loc": {
					"start": { "line": 141, "column": 16 },
					"end": { "line": 142, "column": 15 }
				},
				"locations": [
					{
						"start": { "line": 141, "column": 16 },
						"end": { "line": 142, "column": 15 }
					}
				]
			},
			"15": {
				"type": "branch",
				"line": 149,
				"loc": {
					"start": { "line": 149, "column": 9 },
					"end": { "line": 167, "column": 2 }
				},
				"locations": [
					{
						"start": { "line": 149, "column": 9 },
						"end": { "line": 167, "column": 2 }
					}
				]
			},
			"16": {
				"type": "branch",
				"line": 152,
				"loc": {
					"start": { "line": 152, "column": 37 },
					"end": { "line": 154, "column": 3 }
				},
				"locations": [
					{
						"start": { "line": 152, "column": 37 },
						"end": { "line": 154, "column": 3 }
					}
				]
			},
			"17": {
				"type": "branch",
				"line": 166,
				"loc": {
					"start": { "line": 166, "column": 37 },
					"end": { "line": 166, "column": 56 }
				},
				"locations": [
					{
						"start": { "line": 166, "column": 37 },
						"end": { "line": 166, "column": 56 }
					}
				]
			},
			"18": {
				"type": "branch",
				"line": 166,
				"loc": {
					"start": { "line": 166, "column": 41 },
					"end": { "line": 166, "column": 67 }
				},
				"locations": [
					{
						"start": { "line": 166, "column": 41 },
						"end": { "line": 166, "column": 67 }
					}
				]
			}
		},
		"b": {
			"0": [9],
			"1": [8],
			"2": [7],
			"3": [2],
			"4": [6],
			"5": [6],
			"6": [258],
			"7": [0],
			"8": [255],
			"9": [3],
			"10": [3],
			"11": [2],
			"12": [1],
			"13": [2],
			"14": [0],
			"15": [258],
			"16": [0],
			"17": [255],
			"18": [3]
		},
		"fnMap": {
			"0": {
				"name": "CountdownTimer",
				"decl": {
					"start": { "line": 43, "column": 1 },
					"end": { "line": 57, "column": 2 }
				},
				"loc": {
					"start": { "line": 43, "column": 1 },
					"end": { "line": 57, "column": 2 }
				},
				"line": 43
			},
			"1": {
				"name": "start",
				"decl": {
					"start": { "line": 59, "column": 8 },
					"end": { "line": 104, "column": 2 }
				},
				"loc": {
					"start": { "line": 59, "column": 8 },
					"end": { "line": 104, "column": 2 }
				},
				"line": 59
			},
			"2": {
				"name": "pause",
				"decl": {
					"start": { "line": 106, "column": 8 },
					"end": { "line": 120, "column": 2 }
				},
				"loc": {
					"start": { "line": 106, "column": 8 },
					"end": { "line": 120, "column": 2 }
				},
				"line": 106
			},
			"3": {
				"name": "reset",
				"decl": {
					"start": { "line": 122, "column": 8 },
					"end": { "line": 137, "column": 2 }
				},
				"loc": {
					"start": { "line": 122, "column": 8 },
					"end": { "line": 137, "column": 2 }
				},
				"line": 122
			},
			"4": {
				"name": "getIntervalId",
				"decl": {
					"start": { "line": 139, "column": 8 },
					"end": { "line": 143, "column": 2 }
				},
				"loc": {
					"start": { "line": 139, "column": 8 },
					"end": { "line": 143, "column": 2 }
				},
				"line": 139
			},
			"5": {
				"name": "getCurrentTimerType",
				"decl": {
					"start": { "line": 145, "column": 8 },
					"end": { "line": 147, "column": 2 }
				},
				"loc": {
					"start": { "line": 145, "column": 8 },
					"end": { "line": 147, "column": 2 }
				},
				"line": 145
			},
			"6": {
				"name": "updateCurrentTime",
				"decl": {
					"start": { "line": 149, "column": 9 },
					"end": { "line": 167, "column": 2 }
				},
				"loc": {
					"start": { "line": 149, "column": 9 },
					"end": { "line": 167, "column": 2 }
				},
				"line": 149
			}
		},
		"f": { "0": 9, "1": 8, "2": 3, "3": 0, "4": 2, "5": 0, "6": 258 }
	},
	"/home/runner/work/obsidian-interval-timer/obsidian-interval-timer/src/intervalTimer.ts": {
		"path": "/home/runner/work/obsidian-interval-timer/obsidian-interval-timer/src/intervalTimer.ts",
		"all": false,
		"statementMap": {
			"0": {
				"start": { "line": 1, "column": 0 },
				"end": { "line": 1, "column": 35 }
			},
			"31": {
				"start": { "line": 32, "column": 0 },
				"end": { "line": 32, "column": 28 }
			},
			"48": {
				"start": { "line": 49, "column": 0 },
				"end": { "line": 49, "column": 13 }
			},
			"49": {
				"start": { "line": 50, "column": 0 },
				"end": { "line": 50, "column": 39 }
			},
			"50": {
				"start": { "line": 51, "column": 0 },
				"end": { "line": 51, "column": 33 }
			},
			"51": {
				"start": { "line": 52, "column": 0 },
				"end": { "line": 52, "column": 50 }
			},
			"52": {
				"start": { "line": 53, "column": 0 },
				"end": { "line": 53, "column": 38 }
			},
			"53": {
				"start": { "line": 54, "column": 0 },
				"end": { "line": 54, "column": 32 }
			},
			"54": {
				"start": { "line": 55, "column": 0 },
				"end": { "line": 55, "column": 4 }
			},
			"55": {
				"start": { "line": 56, "column": 0 },
				"end": { "line": 56, "column": 46 }
			},
			"56": {
				"start": { "line": 57, "column": 0 },
				"end": { "line": 57, "column": 17 }
			},
			"57": {
				"start": { "line": 58, "column": 0 },
				"end": { "line": 58, "column": 15 }
			},
			"58": {
				"start": { "line": 59, "column": 0 },
				"end": { "line": 59, "column": 26 }
			},
			"59": {
				"start": { "line": 60, "column": 0 },
				"end": { "line": 60, "column": 9 }
			},
			"60": {
				"start": { "line": 61, "column": 0 },
				"end": { "line": 61, "column": 24 }
			},
			"61": {
				"start": { "line": 62, "column": 0 },
				"end": { "line": 62, "column": 5 }
			},
			"62": {
				"start": { "line": 63, "column": 0 },
				"end": { "line": 63, "column": 4 }
			},
			"63": {
				"start": { "line": 64, "column": 0 },
				"end": { "line": 64, "column": 27 }
			},
			"64": {
				"start": { "line": 65, "column": 0 },
				"end": { "line": 65, "column": 45 }
			},
			"65": {
				"start": { "line": 66, "column": 0 },
				"end": { "line": 66, "column": 25 }
			},
			"66": {
				"start": { "line": 67, "column": 0 },
				"end": { "line": 67, "column": 52 }
			},
			"67": {
				"start": { "line": 68, "column": 0 },
				"end": { "line": 68, "column": 48 }
			},
			"68": {
				"start": { "line": 69, "column": 0 },
				"end": { "line": 69, "column": 4 }
			},
			"69": {
				"start": { "line": 70, "column": 0 },
				"end": { "line": 70, "column": 21 }
			},
			"70": {
				"start": { "line": 71, "column": 0 },
				"end": { "line": 71, "column": 27 }
			},
			"71": {
				"start": { "line": 72, "column": 0 },
				"end": { "line": 72, "column": 66 }
			},
			"72": {
				"start": { "line": 73, "column": 0 },
				"end": { "line": 73, "column": 32 }
			},
			"73": {
				"start": { "line": 74, "column": 0 },
				"end": { "line": 74, "column": 5 }
			},
			"74": {
				"start": { "line": 75, "column": 0 },
				"end": { "line": 75, "column": 42 }
			},
			"75": {
				"start": { "line": 76, "column": 0 },
				"end": { "line": 76, "column": 4 }
			},
			"76": {
				"start": { "line": 77, "column": 0 },
				"end": { "line": 77, "column": 27 }
			},
			"77": {
				"start": { "line": 78, "column": 0 },
				"end": { "line": 78, "column": 33 }
			},
			"79": {
				"start": { "line": 80, "column": 0 },
				"end": { "line": 80, "column": 37 }
			},
			"80": {
				"start": { "line": 81, "column": 0 },
				"end": { "line": 81, "column": 11 }
			},
			"81": {
				"start": { "line": 82, "column": 0 },
				"end": { "line": 82, "column": 66 }
			},
			"82": {
				"start": { "line": 83, "column": 0 },
				"end": { "line": 83, "column": 40 }
			},
			"83": {
				"start": { "line": 84, "column": 0 },
				"end": { "line": 84, "column": 5 }
			},
			"85": {
				"start": { "line": 86, "column": 0 },
				"end": { "line": 86, "column": 24 }
			},
			"86": {
				"start": { "line": 87, "column": 0 },
				"end": { "line": 87, "column": 2 }
			},
			"88": {
				"start": { "line": 89, "column": 0 },
				"end": { "line": 89, "column": 23 }
			},
			"89": {
				"start": { "line": 90, "column": 0 },
				"end": { "line": 90, "column": 32 }
			},
			"91": {
				"start": { "line": 92, "column": 0 },
				"end": { "line": 92, "column": 59 }
			},
			"92": {
				"start": { "line": 93, "column": 0 },
				"end": { "line": 93, "column": 27 }
			},
			"93": {
				"start": { "line": 94, "column": 0 },
				"end": { "line": 94, "column": 38 }
			},
			"94": {
				"start": { "line": 95, "column": 0 },
				"end": { "line": 95, "column": 3 }
			},
			"95": {
				"start": { "line": 96, "column": 0 },
				"end": { "line": 96, "column": 3 }
			},
			"97": {
				"start": { "line": 98, "column": 0 },
				"end": { "line": 98, "column": 23 }
			},
			"98": {
				"start": { "line": 99, "column": 0 },
				"end": { "line": 99, "column": 32 }
			},
			"99": {
				"start": { "line": 100, "column": 0 },
				"end": { "line": 100, "column": 3 }
			},
			"101": {
				"start": { "line": 102, "column": 0 },
				"end": { "line": 102, "column": 23 }
			},
			"102": {
				"start": { "line": 103, "column": 0 },
				"end": { "line": 103, "column": 47 }
			},
			"103": {
				"start": { "line": 104, "column": 0 },
				"end": { "line": 104, "column": 36 }
			},
			"104": {
				"start": { "line": 105, "column": 0 },
				"end": { "line": 105, "column": 53 }
			},
			"105": {
				"start": { "line": 106, "column": 0 },
				"end": { "line": 106, "column": 3 }
			},
			"106": {
				"start": { "line": 107, "column": 0 },
				"end": { "line": 107, "column": 3 }
			},
			"108": {
				"start": { "line": 109, "column": 0 },
				"end": { "line": 109, "column": 35 }
			},
			"109": {
				"start": { "line": 110, "column": 0 },
				"end": { "line": 110, "column": 32 }
			},
			"110": {
				"start": { "line": 111, "column": 0 },
				"end": { "line": 111, "column": 30 }
			},
			"111": {
				"start": { "line": 112, "column": 0 },
				"end": { "line": 112, "column": 21 }
			},
			"112": {
				"start": { "line": 113, "column": 0 },
				"end": { "line": 113, "column": 63 }
			},
			"113": {
				"start": { "line": 114, "column": 0 },
				"end": { "line": 114, "column": 22 }
			},
			"114": {
				"start": { "line": 115, "column": 0 },
				"end": { "line": 115, "column": 4 }
			},
			"115": {
				"start": { "line": 116, "column": 0 },
				"end": { "line": 116, "column": 37 }
			},
			"116": {
				"start": { "line": 117, "column": 0 },
				"end": { "line": 117, "column": 44 }
			},
			"117": {
				"start": { "line": 118, "column": 0 },
				"end": { "line": 118, "column": 14 }
			},
			"118": {
				"start": { "line": 119, "column": 0 },
				"end": { "line": 119, "column": 5 }
			},
			"119": {
				"start": { "line": 120, "column": 0 },
				"end": { "line": 120, "column": 3 }
			},
			"121": {
				"start": { "line": 122, "column": 0 },
				"end": { "line": 122, "column": 37 }
			},
			"122": {
				"start": { "line": 123, "column": 0 },
				"end": { "line": 123, "column": 32 }
			},
			"123": {
				"start": { "line": 124, "column": 0 },
				"end": { "line": 124, "column": 45 }
			},
			"124": {
				"start": { "line": 125, "column": 0 },
				"end": { "line": 125, "column": 21 }
			},
			"125": {
				"start": { "line": 126, "column": 0 },
				"end": { "line": 126, "column": 67 }
			},
			"126": {
				"start": { "line": 127, "column": 0 },
				"end": { "line": 127, "column": 18 }
			},
			"127": {
				"start": { "line": 128, "column": 0 },
				"end": { "line": 128, "column": 4 }
			},
			"128": {
				"start": { "line": 129, "column": 0 },
				"end": { "line": 129, "column": 37 }
			},
			"129": {
				"start": { "line": 130, "column": 0 },
				"end": { "line": 130, "column": 48 }
			},
			"130": {
				"start": { "line": 131, "column": 0 },
				"end": { "line": 131, "column": 14 }
			},
			"131": {
				"start": { "line": 132, "column": 0 },
				"end": { "line": 132, "column": 5 }
			},
			"132": {
				"start": { "line": 133, "column": 0 },
				"end": { "line": 133, "column": 3 }
			},
			"134": {
				"start": { "line": 135, "column": 0 },
				"end": { "line": 135, "column": 30 }
			},
			"135": {
				"start": { "line": 136, "column": 0 },
				"end": { "line": 136, "column": 32 }
			},
			"136": {
				"start": { "line": 137, "column": 0 },
				"end": { "line": 137, "column": 20 }
			},
			"137": {
				"start": { "line": 138, "column": 0 },
				"end": { "line": 138, "column": 3 }
			},
			"139": {
				"start": { "line": 140, "column": 0 },
				"end": { "line": 140, "column": 23 }
			},
			"140": {
				"start": { "line": 141, "column": 0 },
				"end": { "line": 141, "column": 52 }
			},
			"141": {
				"start": { "line": 142, "column": 0 },
				"end": { "line": 142, "column": 54 }
			},
			"142": {
				"start": { "line": 143, "column": 0 },
				"end": { "line": 143, "column": 17 }
			},
			"143": {
				"start": { "line": 144, "column": 0 },
				"end": { "line": 144, "column": 5 }
			},
			"144": {
				"start": { "line": 145, "column": 0 },
				"end": { "line": 145, "column": 27 }
			},
			"145": {
				"start": { "line": 146, "column": 0 },
				"end": { "line": 146, "column": 32 }
			},
			"146": {
				"start": { "line": 147, "column": 0 },
				"end": { "line": 147, "column": 27 }
			},
			"147": {
				"start": { "line": 148, "column": 0 },
				"end": { "line": 148, "column": 19 }
			},
			"148": {
				"start": { "line": 149, "column": 0 },
				"end": { "line": 149, "column": 7 }
			},
			"149": {
				"start": { "line": 150, "column": 0 },
				"end": { "line": 150, "column": 45 }
			},
			"150": {
				"start": { "line": 151, "column": 0 },
				"end": { "line": 151, "column": 26 }
			},
			"151": {
				"start": { "line": 152, "column": 0 },
				"end": { "line": 152, "column": 7 }
			},
			"152": {
				"start": { "line": 153, "column": 0 },
				"end": { "line": 153, "column": 19 }
			},
			"153": {
				"start": { "line": 154, "column": 0 },
				"end": { "line": 154, "column": 5 }
			},
			"154": {
				"start": { "line": 155, "column": 0 },
				"end": { "line": 155, "column": 17 }
			},
			"155": {
				"start": { "line": 156, "column": 0 },
				"end": { "line": 156, "column": 3 }
			},
			"157": {
				"start": { "line": 158, "column": 0 },
				"end": { "line": 158, "column": 29 }
			},
			"158": {
				"start": { "line": 159, "column": 0 },
				"end": { "line": 159, "column": 30 }
			},
			"159": {
				"start": { "line": 160, "column": 0 },
				"end": { "line": 160, "column": 25 }
			},
			"160": {
				"start": { "line": 161, "column": 0 },
				"end": { "line": 161, "column": 27 }
			},
			"161": {
				"start": { "line": 162, "column": 0 },
				"end": { "line": 162, "column": 42 }
			},
			"162": {
				"start": { "line": 163, "column": 0 },
				"end": { "line": 163, "column": 38 }
			},
			"163": {
				"start": { "line": 164, "column": 0 },
				"end": { "line": 164, "column": 6 }
			},
			"164": {
				"start": { "line": 165, "column": 0 },
				"end": { "line": 165, "column": 67 }
			},
			"165": {
				"start": { "line": 166, "column": 0 },
				"end": { "line": 166, "column": 33 }
			},
			"166": {
				"start": { "line": 167, "column": 0 },
				"end": { "line": 167, "column": 24 }
			},
			"167": {
				"start": { "line": 168, "column": 0 },
				"end": { "line": 168, "column": 30 }
			},
			"168": {
				"start": { "line": 169, "column": 0 },
				"end": { "line": 169, "column": 39 }
			},
			"169": {
				"start": { "line": 170, "column": 0 },
				"end": { "line": 170, "column": 9 }
			},
			"170": {
				"start": { "line": 171, "column": 0 },
				"end": { "line": 171, "column": 8 }
			},
			"171": {
				"start": { "line": 172, "column": 0 },
				"end": { "line": 172, "column": 25 }
			},
			"172": {
				"start": { "line": 173, "column": 0 },
				"end": { "line": 173, "column": 7 }
			},
			"173": {
				"start": { "line": 174, "column": 0 },
				"end": { "line": 174, "column": 40 }
			},
			"174": {
				"start": { "line": 175, "column": 0 },
				"end": { "line": 175, "column": 47 }
			},
			"175": {
				"start": { "line": 176, "column": 0 },
				"end": { "line": 176, "column": 17 }
			},
			"176": {
				"start": { "line": 177, "column": 0 },
				"end": { "line": 177, "column": 8 }
			},
			"177": {
				"start": { "line": 178, "column": 0 },
				"end": { "line": 178, "column": 12 }
			},
			"178": {
				"start": { "line": 179, "column": 0 },
				"end": { "line": 179, "column": 24 }
			},
			"179": {
				"start": { "line": 180, "column": 0 },
				"end": { "line": 180, "column": 30 }
			},
			"180": {
				"start": { "line": 181, "column": 0 },
				"end": { "line": 181, "column": 40 }
			},
			"181": {
				"start": { "line": 182, "column": 0 },
				"end": { "line": 182, "column": 9 }
			},
			"182": {
				"start": { "line": 183, "column": 0 },
				"end": { "line": 183, "column": 8 }
			},
			"183": {
				"start": { "line": 184, "column": 0 },
				"end": { "line": 184, "column": 26 }
			},
			"184": {
				"start": { "line": 185, "column": 0 },
				"end": { "line": 185, "column": 7 }
			},
			"185": {
				"start": { "line": 186, "column": 0 },
				"end": { "line": 186, "column": 40 }
			},
			"186": {
				"start": { "line": 187, "column": 0 },
				"end": { "line": 187, "column": 48 }
			},
			"187": {
				"start": { "line": 188, "column": 0 },
				"end": { "line": 188, "column": 17 }
			},
			"188": {
				"start": { "line": 189, "column": 0 },
				"end": { "line": 189, "column": 8 }
			},
			"189": {
				"start": { "line": 190, "column": 0 },
				"end": { "line": 190, "column": 5 }
			},
			"190": {
				"start": { "line": 191, "column": 0 },
				"end": { "line": 191, "column": 5 }
			},
			"191": {
				"start": { "line": 192, "column": 0 },
				"end": { "line": 192, "column": 43 }
			},
			"192": {
				"start": { "line": 193, "column": 0 },
				"end": { "line": 193, "column": 23 }
			},
			"193": {
				"start": { "line": 194, "column": 0 },
				"end": { "line": 194, "column": 29 }
			},
			"194": {
				"start": { "line": 195, "column": 0 },
				"end": { "line": 195, "column": 42 }
			},
			"195": {
				"start": { "line": 196, "column": 0 },
				"end": { "line": 196, "column": 8 }
			},
			"196": {
				"start": { "line": 197, "column": 0 },
				"end": { "line": 197, "column": 7 }
			},
			"197": {
				"start": { "line": 198, "column": 0 },
				"end": { "line": 198, "column": 20 }
			},
			"198": {
				"start": { "line": 199, "column": 0 },
				"end": { "line": 199, "column": 6 }
			},
			"199": {
				"start": { "line": 200, "column": 0 },
				"end": { "line": 200, "column": 39 }
			},
			"200": {
				"start": { "line": 201, "column": 0 },
				"end": { "line": 201, "column": 50 }
			},
			"201": {
				"start": { "line": 202, "column": 0 },
				"end": { "line": 202, "column": 16 }
			},
			"202": {
				"start": { "line": 203, "column": 0 },
				"end": { "line": 203, "column": 7 }
			},
			"203": {
				"start": { "line": 204, "column": 0 },
				"end": { "line": 204, "column": 5 }
			},
			"204": {
				"start": { "line": 205, "column": 0 },
				"end": { "line": 205, "column": 17 }
			},
			"206": {
				"start": { "line": 207, "column": 0 },
				"end": { "line": 207, "column": 16 }
			},
			"207": {
				"start": { "line": 208, "column": 0 },
				"end": { "line": 208, "column": 31 }
			},
			"208": {
				"start": { "line": 209, "column": 0 },
				"end": { "line": 209, "column": 53 }
			},
			"209": {
				"start": { "line": 210, "column": 0 },
				"end": { "line": 210, "column": 59 }
			},
			"210": {
				"start": { "line": 211, "column": 0 },
				"end": { "line": 211, "column": 58 }
			},
			"211": {
				"start": { "line": 212, "column": 0 },
				"end": { "line": 212, "column": 18 }
			},
			"212": {
				"start": { "line": 213, "column": 0 },
				"end": { "line": 213, "column": 4 }
			},
			"213": {
				"start": { "line": 214, "column": 0 },
				"end": { "line": 214, "column": 3 }
			},
			"215": {
				"start": { "line": 216, "column": 0 },
				"end": { "line": 216, "column": 39 }
			},
			"216": {
				"start": { "line": 217, "column": 0 },
				"end": { "line": 217, "column": 40 }
			},
			"217": {
				"start": { "line": 218, "column": 0 },
				"end": { "line": 218, "column": 3 }
			},
			"219": {
				"start": { "line": 220, "column": 0 },
				"end": { "line": 220, "column": 77 }
			},
			"220": {
				"start": { "line": 221, "column": 0 },
				"end": { "line": 221, "column": 21 }
			},
			"221": {
				"start": { "line": 222, "column": 0 },
				"end": { "line": 222, "column": 24 }
			},
			"222": {
				"start": { "line": 223, "column": 0 },
				"end": { "line": 223, "column": 55 }
			},
			"223": {
				"start": { "line": 224, "column": 0 },
				"end": { "line": 224, "column": 16 }
			},
			"224": {
				"start": { "line": 225, "column": 0 },
				"end": { "line": 225, "column": 19 }
			},
			"225": {
				"start": { "line": 226, "column": 0 },
				"end": { "line": 226, "column": 4 }
			},
			"227": {
				"start": { "line": 228, "column": 0 },
				"end": { "line": 228, "column": 39 }
			},
			"228": {
				"start": { "line": 229, "column": 0 },
				"end": { "line": 229, "column": 55 }
			},
			"229": {
				"start": { "line": 230, "column": 0 },
				"end": { "line": 230, "column": 32 }
			},
			"230": {
				"start": { "line": 231, "column": 0 },
				"end": { "line": 231, "column": 31 }
			},
			"231": {
				"start": { "line": 232, "column": 0 },
				"end": { "line": 232, "column": 4 }
			},
			"233": {
				"start": { "line": 234, "column": 0 },
				"end": { "line": 234, "column": 33 }
			},
			"234": {
				"start": { "line": 235, "column": 0 },
				"end": { "line": 235, "column": 11 }
			},
			"235": {
				"start": { "line": 236, "column": 0 },
				"end": { "line": 236, "column": 3 }
			},
			"237": {
				"start": { "line": 238, "column": 0 },
				"end": { "line": 238, "column": 37 }
			},
			"238": {
				"start": { "line": 239, "column": 0 },
				"end": { "line": 239, "column": 41 }
			},
			"239": {
				"start": { "line": 240, "column": 0 },
				"end": { "line": 240, "column": 16 }
			},
			"240": {
				"start": { "line": 241, "column": 0 },
				"end": { "line": 241, "column": 3 }
			},
			"242": {
				"start": { "line": 243, "column": 0 },
				"end": { "line": 243, "column": 28 }
			},
			"243": {
				"start": { "line": 244, "column": 0 },
				"end": { "line": 244, "column": 40 }
			},
			"244": {
				"start": { "line": 245, "column": 0 },
				"end": { "line": 245, "column": 44 }
			},
			"245": {
				"start": { "line": 246, "column": 0 },
				"end": { "line": 246, "column": 14 }
			},
			"246": {
				"start": { "line": 247, "column": 0 },
				"end": { "line": 247, "column": 20 }
			},
			"248": {
				"start": { "line": 249, "column": 0 },
				"end": { "line": 249, "column": 46 }
			},
			"249": {
				"start": { "line": 250, "column": 0 },
				"end": { "line": 250, "column": 27 }
			},
			"250": {
				"start": { "line": 251, "column": 0 },
				"end": { "line": 251, "column": 3 }
			},
			"252": {
				"start": { "line": 253, "column": 0 },
				"end": { "line": 253, "column": 44 }
			},
			"253": {
				"start": { "line": 254, "column": 0 },
				"end": { "line": 254, "column": 2 }
			},
			"255": {
				"start": { "line": 256, "column": 0 },
				"end": { "line": 256, "column": 37 }
			},
			"256": {
				"start": { "line": 257, "column": 0 },
				"end": { "line": 257, "column": 47 }
			},
			"257": {
				"start": { "line": 258, "column": 0 },
				"end": { "line": 258, "column": 50 }
			},
			"258": {
				"start": { "line": 259, "column": 0 },
				"end": { "line": 259, "column": 40 }
			},
			"259": {
				"start": { "line": 260, "column": 0 },
				"end": { "line": 260, "column": 3 }
			},
			"260": {
				"start": { "line": 261, "column": 0 },
				"end": { "line": 261, "column": 3 }
			},
			"261": {
				"start": { "line": 262, "column": 0 },
				"end": { "line": 262, "column": 1 }
			}
		},
		"s": {
			"0": 1,
			"31": 1,
			"48": 1,
			"49": 2,
			"50": 2,
			"51": 2,
			"52": 2,
			"53": 2,
			"54": 2,
			"55": 2,
			"56": 4,
			"57": 4,
			"58": 4,
			"59": 4,
			"60": 4,
			"61": 4,
			"62": 4,
			"63": 2,
			"64": 2,
			"65": 2,
			"66": 2,
			"67": 2,
			"68": 2,
			"69": 2,
			"70": 2,
			"71": 2,
			"72": 2,
			"73": 2,
			"74": 2,
			"75": 2,
			"76": 2,
			"77": 2,
			"79": 2,
			"80": 2,
			"81": 2,
			"82": 2,
			"83": 2,
			"85": 2,
			"86": 2,
			"88": 1,
			"89": 1,
			"91": 1,
			"92": 1,
			"93": 1,
			"94": 1,
			"95": 1,
			"97": 1,
			"98": 0,
			"99": 0,
			"101": 1,
			"102": 0,
			"103": 0,
			"104": 0,
			"105": 0,
			"106": 0,
			"108": 1,
			"109": 0,
			"110": 0,
			"111": 0,
			"112": 0,
			"113": 0,
			"114": 0,
			"115": 0,
			"116": 0,
			"117": 0,
			"118": 0,
			"119": 0,
			"121": 1,
			"122": 2,
			"123": 2,
			"124": 2,
			"125": 2,
			"126": 2,
			"127": 2,
			"128": 2,
			"129": 2,
			"130": 2,
			"131": 2,
			"132": 2,
			"134": 1,
			"135": 0,
			"136": 0,
			"137": 0,
			"139": 1,
			"140": 0,
			"141": 0,
			"142": 0,
			"143": 0,
			"144": 0,
			"145": 0,
			"146": 0,
			"147": 0,
			"148": 0,
			"149": 0,
			"150": 0,
			"151": 0,
			"152": 0,
			"153": 0,
			"154": 0,
			"155": 0,
			"157": 1,
			"158": 0,
			"159": 0,
			"160": 0,
			"161": 0,
			"162": 0,
			"163": 0,
			"164": 0,
			"165": 0,
			"166": 0,
			"167": 0,
			"168": 0,
			"169": 0,
			"170": 0,
			"171": 0,
			"172": 0,
			"173": 0,
			"174": 0,
			"175": 0,
			"176": 0,
			"177": 0,
			"178": 0,
			"179": 0,
			"180": 0,
			"181": 0,
			"182": 0,
			"183": 0,
			"184": 0,
			"185": 0,
			"186": 0,
			"187": 0,
			"188": 0,
			"189": 0,
			"190": 0,
			"191": 0,
			"192": 0,
			"193": 0,
			"194": 0,
			"195": 0,
			"196": 0,
			"197": 0,
			"198": 0,
			"199": 0,
			"200": 0,
			"201": 0,
			"202": 0,
			"203": 0,
			"204": 0,
			"206": 0,
			"207": 0,
			"208": 0,
			"209": 0,
			"210": 0,
			"211": 0,
			"212": 0,
			"213": 0,
			"215": 1,
			"216": 0,
			"217": 0,
			"219": 1,
			"220": 4,
			"221": 4,
			"222": 4,
			"223": 4,
			"224": 4,
			"225": 4,
			"227": 1,
			"228": 2,
			"229": 61,
			"230": 2,
			"231": 2,
			"233": 61,
			"234": 2,
			"235": 2,
			"237": 1,
			"238": 61,
			"239": 1,
			"240": 1,
			"242": 60,
			"243": 60,
			"244": 60,
			"245": 60,
			"246": 60,
			"248": 61,
			"249": 58,
			"250": 58,
			"252": 60,
			"253": 61,
			"255": 1,
			"256": 2,
			"257": 2,
			"258": 2,
			"259": 2,
			"260": 2,
			"261": 1
		},
		"branchMap": {
			"0": {
				"type": "branch",
				"line": 49,
				"loc": {
					"start": { "line": 49, "column": 1 },
					"end": { "line": 87, "column": 2 }
				},
				"locations": [
					{
						"start": { "line": 49, "column": 1 },
						"end": { "line": 87, "column": 2 }
					}
				]
			},
			"1": {
				"type": "branch",
				"line": 67,
				"loc": {
					"start": { "line": 67, "column": 10 },
					"end": { "line": 67, "column": 50 }
				},
				"locations": [
					{
						"start": { "line": 67, "column": 10 },
						"end": { "line": 67, "column": 50 }
					}
				]
			},
			"2": {
				"type": "branch",
				"line": 68,
				"loc": {
					"start": { "line": 68, "column": 8 },
					"end": { "line": 68, "column": 46 }
				},
				"locations": [
					{
						"start": { "line": 68, "column": 8 },
						"end": { "line": 68, "column": 46 }
					}
				]
			},
			"3": {
				"type": "branch",
				"line": 72,
				"loc": {
					"start": { "line": 72, "column": 4 },
					"end": { "line": 72, "column": 30 }
				},
				"locations": [
					{
						"start": { "line": 72, "column": 4 },
						"end": { "line": 72, "column": 30 }
					}
				]
			},
			"4": {
				"type": "branch",
				"line": 73,
				"loc": {
					"start": { "line": 73, "column": 4 },
					"end": { "line": 73, "column": 30 }
				},
				"locations": [
					{
						"start": { "line": 73, "column": 4 },
						"end": { "line": 73, "column": 30 }
					}
				]
			},
			"5": {
				"type": "branch",
				"line": 75,
				"loc": {
					"start": { "line": 75, "column": 10 },
					"end": { "line": 75, "column": 34 }
				},
				"locations": [
					{
						"start": { "line": 75, "column": 10 },
						"end": { "line": 75, "column": 34 }
					}
				]
			},
			"6": {
				"type": "branch",
				"line": 82,
				"loc": {
					"start": { "line": 82, "column": 4 },
					"end": { "line": 82, "column": 30 }
				},
				"locations": [
					{
						"start": { "line": 82, "column": 4 },
						"end": { "line": 82, "column": 30 }
					}
				]
			},
			"7": {
				"type": "branch",
				"line": 83,
				"loc": {
					"start": { "line": 83, "column": 12 },
					"end": { "line": 83, "column": 38 }
				},
				"locations": [
					{
						"start": { "line": 83, "column": 12 },
						"end": { "line": 83, "column": 38 }
					}
				]
			},
			"8": {
				"type": "branch",
				"line": 89,
				"loc": {
					"start": { "line": 89, "column": 16 },
					"end": { "line": 96, "column": 3 }
				},
				"locations": [
					{
						"start": { "line": 89, "column": 16 },
						"end": { "line": 96, "column": 3 }
					}
				]
			},
			"9": {
				"type": "branch",
				"line": 122,
				"loc": {
					"start": { "line": 122, "column": 30 },
					"end": { "line": 133, "column": 3 }
				},
				"locations": [
					{
						"start": { "line": 122, "column": 30 },
						"end": { "line": 133, "column": 3 }
					}
				]
			},
			"10": {
				"type": "branch",
				"line": 220,
				"loc": {
					"start": { "line": 220, "column": 23 },
					"end": { "line": 226, "column": 4 }
				},
				"locations": [
					{
						"start": { "line": 220, "column": 23 },
						"end": { "line": 226, "column": 4 }
					}
				]
			},
			"11": {
				"type": "branch",
				"line": 228,
				"loc": {
					"start": { "line": 228, "column": 26 },
					"end": { "line": 236, "column": 3 }
				},
				"locations": [
					{
						"start": { "line": 228, "column": 26 },
						"end": { "line": 236, "column": 3 }
					}
				]
			},
			"12": {
				"type": "branch",
				"line": 229,
				"loc": {
					"start": { "line": 229, "column": 48 },
					"end": { "line": 235, "column": 5 }
				},
				"locations": [
					{
						"start": { "line": 229, "column": 48 },
						"end": { "line": 235, "column": 5 }
					}
				]
			},
			"13": {
				"type": "branch",
				"line": 230,
				"loc": {
					"start": { "line": 230, "column": 31 },
					"end": { "line": 232, "column": 4 }
				},
				"locations": [
					{
						"start": { "line": 230, "column": 31 },
						"end": { "line": 232, "column": 4 }
					}
				]
			},
			"14": {
				"type": "branch",
				"line": 256,
				"loc": {
					"start": { "line": 256, "column": 24 },
					"end": { "line": 261, "column": 3 }
				},
				"locations": [
					{
						"start": { "line": 256, "column": 24 },
						"end": { "line": 261, "column": 3 }
					}
				]
			},
			"15": {
				"type": "branch",
				"line": 56,
				"loc": {
					"start": { "line": 56, "column": 23 },
					"end": { "line": 63, "column": 4 }
				},
				"locations": [
					{
						"start": { "line": 56, "column": 23 },
						"end": { "line": 63, "column": 4 }
					}
				]
			},
			"16": {
				"type": "branch",
				"line": 238,
				"loc": {
					"start": { "line": 238, "column": 9 },
					"end": { "line": 254, "column": 2 }
				},
				"locations": [
					{
						"start": { "line": 238, "column": 9 },
						"end": { "line": 254, "column": 2 }
					}
				]
			},
			"17": {
				"type": "branch",
				"line": 239,
				"loc": {
					"start": { "line": 239, "column": 40 },
					"end": { "line": 241, "column": 3 }
				},
				"locations": [
					{
						"start": { "line": 239, "column": 40 },
						"end": { "line": 241, "column": 3 }
					}
				]
			},
			"18": {
				"type": "branch",
				"line": 241,
				"loc": {
					"start": { "line": 241, "column": 2 },
					"end": { "line": 249, "column": 45 }
				},
				"locations": [
					{
						"start": { "line": 241, "column": 2 },
						"end": { "line": 249, "column": 45 }
					}
				]
			},
			"19": {
				"type": "branch",
				"line": 249,
				"loc": {
					"start": { "line": 249, "column": 45 },
					"end": { "line": 251, "column": 3 }
				},
				"locations": [
					{
						"start": { "line": 249, "column": 45 },
						"end": { "line": 251, "column": 3 }
					}
				]
			},
			"20": {
				"type": "branch",
				"line": 251,
				"loc": {
					"start": { "line": 251, "column": 2 },
					"end": { "line": 253, "column": 44 }
				},
				"locations": [
					{
						"start": { "line": 251, "column": 2 },
						"end": { "line": 253, "column": 44 }
					}
				]
			}
		},
		"b": {
			"0": [2],
			"1": [0],
			"2": [0],
			"3": [0],
			"4": [0],
			"5": [0],
			"6": [0],
			"7": [0],
			"8": [1],
			"9": [2],
			"10": [4],
			"11": [2],
			"12": [61],
			"13": [2],
			"14": [2],
			"15": [4],
			"16": [61],
			"17": [1],
			"18": [60],
			"19": [58],
			"20": [60]
		},
		"fnMap": {
			"0": {
				"name": "IntervalTimer",
				"decl": {
					"start": { "line": 49, "column": 1 },
					"end": { "line": 87, "column": 2 }
				},
				"loc": {
					"start": { "line": 49, "column": 1 },
					"end": { "line": 87, "column": 2 }
				},
				"line": 49
			},
			"1": {
				"name": "IntervalTimer.start",
				"decl": {
					"start": { "line": 89, "column": 16 },
					"end": { "line": 96, "column": 3 }
				},
				"loc": {
					"start": { "line": 89, "column": 16 },
					"end": { "line": 96, "column": 3 }
				},
				"line": 89
			},
			"2": {
				"name": "IntervalTimer.pause",
				"decl": {
					"start": { "line": 98, "column": 16 },
					"end": { "line": 100, "column": 3 }
				},
				"loc": {
					"start": { "line": 98, "column": 16 },
					"end": { "line": 100, "column": 3 }
				},
				"line": 98
			},
			"3": {
				"name": "IntervalTimer.reset",
				"decl": {
					"start": { "line": 102, "column": 16 },
					"end": { "line": 107, "column": 3 }
				},
				"loc": {
					"start": { "line": 102, "column": 16 },
					"end": { "line": 107, "column": 3 }
				},
				"line": 102
			},
			"4": {
				"name": "IntervalTimer.resetIntervalsSet",
				"decl": {
					"start": { "line": 109, "column": 28 },
					"end": { "line": 120, "column": 3 }
				},
				"loc": {
					"start": { "line": 109, "column": 28 },
					"end": { "line": 120, "column": 3 }
				},
				"line": 109
			},
			"5": {
				"name": "IntervalTimer.resetTotalIntervals",
				"decl": {
					"start": { "line": 122, "column": 30 },
					"end": { "line": 133, "column": 3 }
				},
				"loc": {
					"start": { "line": 122, "column": 30 },
					"end": { "line": 133, "column": 3 }
				},
				"line": 122
			},
			"6": {
				"name": "IntervalTimer.skipInterval",
				"decl": {
					"start": { "line": 135, "column": 23 },
					"end": { "line": 138, "column": 3 }
				},
				"loc": {
					"start": { "line": 135, "column": 23 },
					"end": { "line": 138, "column": 3 }
				},
				"line": 135
			},
			"7": {
				"name": "IntervalTimer.touch",
				"decl": {
					"start": { "line": 140, "column": 16 },
					"end": { "line": 156, "column": 3 }
				},
				"loc": {
					"start": { "line": 140, "column": 16 },
					"end": { "line": 156, "column": 3 }
				},
				"line": 140
			},
			"8": {
				"name": "IntervalTimer.onComplete",
				"decl": {
					"start": { "line": 158, "column": 22 },
					"end": { "line": 214, "column": 3 }
				},
				"loc": {
					"start": { "line": 158, "column": 22 },
					"end": { "line": 214, "column": 3 }
				},
				"line": 158
			},
			"9": {
				"name": "IntervalTimer.onPause",
				"decl": {
					"start": { "line": 216, "column": 19 },
					"end": { "line": 218, "column": 3 }
				},
				"loc": {
					"start": { "line": 216, "column": 19 },
					"end": { "line": 218, "column": 3 }
				},
				"line": 216
			},
			"10": {
				"name": "IntervalTimer.createTimer",
				"decl": {
					"start": { "line": 220, "column": 23 },
					"end": { "line": 226, "column": 4 }
				},
				"loc": {
					"start": { "line": 220, "column": 23 },
					"end": { "line": 226, "column": 4 }
				},
				"line": 220
			},
			"11": {
				"name": "IntervalTimer.startDateCheck",
				"decl": {
					"start": { "line": 228, "column": 26 },
					"end": { "line": 236, "column": 3 }
				},
				"loc": {
					"start": { "line": 228, "column": 26 },
					"end": { "line": 236, "column": 3 }
				},
				"line": 228
			},
			"12": {
				"name": "IntervalTimer.stopDateCheck",
				"decl": {
					"start": { "line": 256, "column": 24 },
					"end": { "line": 261, "column": 3 }
				},
				"loc": {
					"start": { "line": 256, "column": 24 },
					"end": { "line": 261, "column": 3 }
				},
				"line": 256
			},
			"13": {
				"name": "IntervalTimer.onChangeState",
				"decl": {
					"start": { "line": 56, "column": 23 },
					"end": { "line": 63, "column": 4 }
				},
				"loc": {
					"start": { "line": 56, "column": 23 },
					"end": { "line": 63, "column": 4 }
				},
				"line": 56
			},
			"14": {
				"name": "passedResetTime",
				"decl": {
					"start": { "line": 238, "column": 9 },
					"end": { "line": 254, "column": 2 }
				},
				"loc": {
					"start": { "line": 238, "column": 9 },
					"end": { "line": 254, "column": 2 }
				},
				"line": 238
			}
		},
		"f": {
			"0": 2,
			"1": 1,
			"2": 0,
			"3": 0,
			"4": 0,
			"5": 2,
			"6": 0,
			"7": 0,
			"8": 0,
			"9": 0,
			"10": 4,
			"11": 2,
			"12": 2,
			"13": 4,
			"14": 61
		}
	},
	"/home/runner/work/obsidian-interval-timer/obsidian-interval-timer/src/keyValueStore.ts": {
		"path": "/home/runner/work/obsidian-interval-timer/obsidian-interval-timer/src/keyValueStore.ts",
		"all": false,
		"statementMap": {
			"0": {
				"start": { "line": 1, "column": 0 },
				"end": { "line": 1, "column": 28 }
			},
			"5": {
				"start": { "line": 6, "column": 0 },
				"end": { "line": 6, "column": 33 }
			},
			"6": {
				"start": { "line": 7, "column": 0 },
				"end": { "line": 7, "column": 29 }
			},
			"7": {
				"start": { "line": 8, "column": 0 },
				"end": { "line": 8, "column": 42 }
			},
			"8": {
				"start": { "line": 9, "column": 0 },
				"end": { "line": 9, "column": 2 }
			},
			"10": {
				"start": { "line": 11, "column": 0 },
				"end": { "line": 11, "column": 47 }
			},
			"11": {
				"start": { "line": 12, "column": 0 },
				"end": { "line": 12, "column": 63 }
			},
			"12": {
				"start": { "line": 13, "column": 0 },
				"end": { "line": 13, "column": 3 }
			},
			"14": {
				"start": { "line": 15, "column": 0 },
				"end": { "line": 15, "column": 45 }
			},
			"15": {
				"start": { "line": 16, "column": 0 },
				"end": { "line": 16, "column": 56 }
			},
			"16": {
				"start": { "line": 17, "column": 0 },
				"end": { "line": 17, "column": 1 }
			}
		},
		"s": {
			"0": 1,
			"5": 1,
			"6": 2,
			"7": 2,
			"8": 2,
			"10": 1,
			"11": 1,
			"12": 1,
			"14": 1,
			"15": 2,
			"16": 1
		},
		"branchMap": {
			"0": {
				"type": "branch",
				"line": 6,
				"loc": {
					"start": { "line": 6, "column": 1 },
					"end": { "line": 9, "column": 2 }
				},
				"locations": [
					{
						"start": { "line": 6, "column": 1 },
						"end": { "line": 9, "column": 2 }
					}
				]
			},
			"1": {
				"type": "branch",
				"line": 11,
				"loc": {
					"start": { "line": 11, "column": 14 },
					"end": { "line": 13, "column": 3 }
				},
				"locations": [
					{
						"start": { "line": 11, "column": 14 },
						"end": { "line": 13, "column": 3 }
					}
				]
			},
			"2": {
				"type": "branch",
				"line": 15,
				"loc": {
					"start": { "line": 15, "column": 14 },
					"end": { "line": 16, "column": 56 }
				},
				"locations": [
					{
						"start": { "line": 15, "column": 14 },
						"end": { "line": 16, "column": 56 }
					}
				]
			}
		},
		"b": { "0": [2], "1": [1], "2": [2] },
		"fnMap": {
			"0": {
				"name": "KeyValueStore",
				"decl": {
					"start": { "line": 6, "column": 1 },
					"end": { "line": 9, "column": 2 }
				},
				"loc": {
					"start": { "line": 6, "column": 1 },
					"end": { "line": 9, "column": 2 }
				},
				"line": 6
			},
			"1": {
				"name": "KeyValueStore.set",
				"decl": {
					"start": { "line": 11, "column": 14 },
					"end": { "line": 13, "column": 3 }
				},
				"loc": {
					"start": { "line": 11, "column": 14 },
					"end": { "line": 13, "column": 3 }
				},
				"line": 11
			},
			"2": {
				"name": "KeyValueStore.get",
				"decl": {
					"start": { "line": 15, "column": 14 },
					"end": { "line": 16, "column": 56 }
				},
				"loc": {
					"start": { "line": 15, "column": 14 },
					"end": { "line": 16, "column": 56 }
				},
				"line": 15
			}
		},
		"f": { "0": 2, "1": 1, "2": 2 }
	},
	"/home/runner/work/obsidian-interval-timer/obsidian-interval-timer/src/main.ts": {
		"path": "/home/runner/work/obsidian-interval-timer/obsidian-interval-timer/src/main.ts",
		"all": true,
		"statementMap": {
			"0": {
				"start": { "line": 1, "column": 0 },
				"end": { "line": 1, "column": 69 }
			},
			"1": {
				"start": { "line": 2, "column": 0 },
				"end": { "line": 2, "column": 75 }
			},
			"2": {
				"start": { "line": 3, "column": 0 },
				"end": { "line": 3, "column": 8 }
			},
			"3": {
				"start": { "line": 4, "column": 0 },
				"end": { "line": 4, "column": 15 }
			},
			"4": {
				"start": { "line": 5, "column": 0 },
				"end": { "line": 5, "column": 20 }
			},
			"5": {
				"start": { "line": 6, "column": 0 },
				"end": { "line": 6, "column": 23 }
			},
			"6": {
				"start": { "line": 7, "column": 0 },
				"end": { "line": 7, "column": 25 }
			},
			"7": {
				"start": { "line": 8, "column": 0 },
				"end": { "line": 8, "column": 40 }
			},
			"8": {
				"start": { "line": 9, "column": 0 },
				"end": { "line": 9, "column": 33 }
			},
			"9": {
				"start": { "line": 10, "column": 0 },
				"end": { "line": 10, "column": 48 }
			},
			"10": {
				"start": { "line": 11, "column": 0 },
				"end": { "line": 11, "column": 36 }
			},
			"11": {
				"start": { "line": 12, "column": 0 },
				"end": { "line": 12, "column": 0 }
			},
			"12": {
				"start": { "line": 13, "column": 0 },
				"end": { "line": 13, "column": 48 }
			},
			"13": {
				"start": { "line": 14, "column": 0 },
				"end": { "line": 14, "column": 33 }
			},
			"14": {
				"start": { "line": 15, "column": 0 },
				"end": { "line": 15, "column": 0 }
			},
			"15": {
				"start": { "line": 16, "column": 0 },
				"end": { "line": 16, "column": 30 }
			},
			"16": {
				"start": { "line": 17, "column": 0 },
				"end": { "line": 17, "column": 0 }
			},
			"17": {
				"start": { "line": 18, "column": 0 },
				"end": { "line": 18, "column": 39 }
			},
			"18": {
				"start": { "line": 19, "column": 0 },
				"end": { "line": 19, "column": 0 }
			},
			"19": {
				"start": { "line": 20, "column": 0 },
				"end": { "line": 20, "column": 38 }
			},
			"20": {
				"start": { "line": 21, "column": 0 },
				"end": { "line": 21, "column": 0 }
			},
			"21": {
				"start": { "line": 22, "column": 0 },
				"end": { "line": 22, "column": 50 }
			},
			"22": {
				"start": { "line": 23, "column": 0 },
				"end": { "line": 23, "column": 23 }
			},
			"23": {
				"start": { "line": 24, "column": 0 },
				"end": { "line": 24, "column": 0 }
			},
			"24": {
				"start": { "line": 25, "column": 0 },
				"end": { "line": 25, "column": 54 }
			},
			"25": {
				"start": { "line": 26, "column": 0 },
				"end": { "line": 26, "column": 58 }
			},
			"26": {
				"start": { "line": 27, "column": 0 },
				"end": { "line": 27, "column": 2 }
			},
			"27": {
				"start": { "line": 28, "column": 0 },
				"end": { "line": 28, "column": 0 }
			},
			"28": {
				"start": { "line": 29, "column": 0 },
				"end": { "line": 29, "column": 39 }
			},
			"29": {
				"start": { "line": 30, "column": 0 },
				"end": { "line": 30, "column": 28 }
			},
			"30": {
				"start": { "line": 31, "column": 0 },
				"end": { "line": 31, "column": 28 }
			},
			"31": {
				"start": { "line": 32, "column": 0 },
				"end": { "line": 32, "column": 21 }
			},
			"32": {
				"start": { "line": 33, "column": 0 },
				"end": { "line": 33, "column": 53 }
			},
			"33": {
				"start": { "line": 34, "column": 0 },
				"end": { "line": 34, "column": 0 }
			},
			"34": {
				"start": { "line": 35, "column": 0 },
				"end": { "line": 35, "column": 49 }
			},
			"35": {
				"start": { "line": 36, "column": 0 },
				"end": { "line": 36, "column": 3 }
			},
			"36": {
				"start": { "line": 37, "column": 0 },
				"end": { "line": 37, "column": 0 }
			},
			"37": {
				"start": { "line": 38, "column": 0 },
				"end": { "line": 38, "column": 35 }
			},
			"38": {
				"start": { "line": 39, "column": 0 },
				"end": { "line": 39, "column": 37 }
			},
			"39": {
				"start": { "line": 40, "column": 0 },
				"end": { "line": 40, "column": 3 }
			},
			"40": {
				"start": { "line": 41, "column": 0 },
				"end": { "line": 41, "column": 0 }
			},
			"41": {
				"start": { "line": 42, "column": 0 },
				"end": { "line": 42, "column": 36 }
			},
			"42": {
				"start": { "line": 43, "column": 0 },
				"end": { "line": 43, "column": 37 }
			},
			"43": {
				"start": { "line": 44, "column": 0 },
				"end": { "line": 44, "column": 3 }
			},
			"44": {
				"start": { "line": 45, "column": 0 },
				"end": { "line": 45, "column": 0 }
			},
			"45": {
				"start": { "line": 46, "column": 0 },
				"end": { "line": 46, "column": 37 }
			},
			"46": {
				"start": { "line": 47, "column": 0 },
				"end": { "line": 47, "column": 48 }
			},
			"47": {
				"start": { "line": 48, "column": 0 },
				"end": { "line": 48, "column": 14 }
			},
			"48": {
				"start": { "line": 49, "column": 0 },
				"end": { "line": 49, "column": 22 }
			},
			"49": {
				"start": { "line": 50, "column": 0 },
				"end": { "line": 50, "column": 8 }
			},
			"50": {
				"start": { "line": 51, "column": 0 },
				"end": { "line": 51, "column": 13 }
			},
			"51": {
				"start": { "line": 52, "column": 0 },
				"end": { "line": 52, "column": 8 }
			},
			"52": {
				"start": { "line": 53, "column": 0 },
				"end": { "line": 53, "column": 60 }
			},
			"53": {
				"start": { "line": 54, "column": 0 },
				"end": { "line": 54, "column": 64 }
			},
			"54": {
				"start": { "line": 55, "column": 0 },
				"end": { "line": 55, "column": 64 }
			},
			"55": {
				"start": { "line": 56, "column": 0 },
				"end": { "line": 56, "column": 66 }
			},
			"56": {
				"start": { "line": 57, "column": 0 },
				"end": { "line": 57, "column": 70 }
			},
			"57": {
				"start": { "line": 58, "column": 0 },
				"end": { "line": 58, "column": 0 }
			},
			"58": {
				"start": { "line": 59, "column": 0 },
				"end": { "line": 59, "column": 62 }
			},
			"59": {
				"start": { "line": 60, "column": 0 },
				"end": { "line": 60, "column": 4 }
			},
			"60": {
				"start": { "line": 61, "column": 0 },
				"end": { "line": 61, "column": 51 }
			},
			"61": {
				"start": { "line": 62, "column": 0 },
				"end": { "line": 62, "column": 37 }
			},
			"62": {
				"start": { "line": 63, "column": 0 },
				"end": { "line": 63, "column": 41 }
			},
			"63": {
				"start": { "line": 64, "column": 0 },
				"end": { "line": 64, "column": 52 }
			},
			"64": {
				"start": { "line": 65, "column": 0 },
				"end": { "line": 65, "column": 4 }
			},
			"65": {
				"start": { "line": 66, "column": 0 },
				"end": { "line": 66, "column": 25 }
			},
			"66": {
				"start": { "line": 67, "column": 0 },
				"end": { "line": 67, "column": 21 }
			},
			"67": {
				"start": { "line": 68, "column": 0 },
				"end": { "line": 68, "column": 50 }
			},
			"68": {
				"start": { "line": 69, "column": 0 },
				"end": { "line": 69, "column": 7 }
			},
			"69": {
				"start": { "line": 70, "column": 0 },
				"end": { "line": 70, "column": 5 }
			},
			"70": {
				"start": { "line": 71, "column": 0 },
				"end": { "line": 71, "column": 21 }
			},
			"71": {
				"start": { "line": 72, "column": 0 },
				"end": { "line": 72, "column": 50 }
			},
			"72": {
				"start": { "line": 73, "column": 0 },
				"end": { "line": 73, "column": 7 }
			},
			"73": {
				"start": { "line": 74, "column": 0 },
				"end": { "line": 74, "column": 16 }
			},
			"74": {
				"start": { "line": 75, "column": 0 },
				"end": { "line": 75, "column": 69 }
			},
			"75": {
				"start": { "line": 76, "column": 0 },
				"end": { "line": 76, "column": 20 }
			},
			"76": {
				"start": { "line": 77, "column": 0 },
				"end": { "line": 77, "column": 20 }
			},
			"77": {
				"start": { "line": 78, "column": 0 },
				"end": { "line": 78, "column": 54 }
			},
			"78": {
				"start": { "line": 79, "column": 0 },
				"end": { "line": 79, "column": 8 }
			},
			"79": {
				"start": { "line": 80, "column": 0 },
				"end": { "line": 80, "column": 6 }
			},
			"80": {
				"start": { "line": 81, "column": 0 },
				"end": { "line": 81, "column": 18 }
			},
			"81": {
				"start": { "line": 82, "column": 0 },
				"end": { "line": 82, "column": 52 }
			},
			"82": {
				"start": { "line": 83, "column": 0 },
				"end": { "line": 83, "column": 8 }
			},
			"83": {
				"start": { "line": 84, "column": 0 },
				"end": { "line": 84, "column": 6 }
			},
			"84": {
				"start": { "line": 85, "column": 0 },
				"end": { "line": 85, "column": 5 }
			},
			"85": {
				"start": { "line": 86, "column": 0 },
				"end": { "line": 86, "column": 4 }
			},
			"86": {
				"start": { "line": 87, "column": 0 },
				"end": { "line": 87, "column": 0 }
			},
			"87": {
				"start": { "line": 88, "column": 0 },
				"end": { "line": 88, "column": 41 }
			},
			"88": {
				"start": { "line": 89, "column": 0 },
				"end": { "line": 89, "column": 17 }
			},
			"89": {
				"start": { "line": 90, "column": 0 },
				"end": { "line": 90, "column": 17 }
			},
			"90": {
				"start": { "line": 91, "column": 0 },
				"end": { "line": 91, "column": 21 }
			},
			"91": {
				"start": { "line": 92, "column": 0 },
				"end": { "line": 92, "column": 12 }
			},
			"92": {
				"start": { "line": 93, "column": 0 },
				"end": { "line": 93, "column": 17 }
			},
			"93": {
				"start": { "line": 94, "column": 0 },
				"end": { "line": 94, "column": 4 }
			},
			"94": {
				"start": { "line": 95, "column": 0 },
				"end": { "line": 95, "column": 3 }
			},
			"95": {
				"start": { "line": 96, "column": 0 },
				"end": { "line": 96, "column": 0 }
			},
			"96": {
				"start": { "line": 97, "column": 0 },
				"end": { "line": 97, "column": 30 }
			},
			"97": {
				"start": { "line": 98, "column": 0 },
				"end": { "line": 98, "column": 19 }
			},
			"98": {
				"start": { "line": 99, "column": 0 },
				"end": { "line": 99, "column": 21 }
			},
			"99": {
				"start": { "line": 100, "column": 0 },
				"end": { "line": 100, "column": 23 }
			},
			"100": {
				"start": { "line": 101, "column": 0 },
				"end": { "line": 101, "column": 38 }
			},
			"101": {
				"start": { "line": 102, "column": 0 },
				"end": { "line": 102, "column": 5 }
			},
			"102": {
				"start": { "line": 103, "column": 0 },
				"end": { "line": 103, "column": 19 }
			},
			"103": {
				"start": { "line": 104, "column": 0 },
				"end": { "line": 104, "column": 21 }
			},
			"104": {
				"start": { "line": 105, "column": 0 },
				"end": { "line": 105, "column": 23 }
			},
			"105": {
				"start": { "line": 106, "column": 0 },
				"end": { "line": 106, "column": 38 }
			},
			"106": {
				"start": { "line": 107, "column": 0 },
				"end": { "line": 107, "column": 5 }
			},
			"107": {
				"start": { "line": 108, "column": 0 },
				"end": { "line": 108, "column": 19 }
			},
			"108": {
				"start": { "line": 109, "column": 0 },
				"end": { "line": 109, "column": 21 }
			},
			"109": {
				"start": { "line": 110, "column": 0 },
				"end": { "line": 110, "column": 23 }
			},
			"110": {
				"start": { "line": 111, "column": 0 },
				"end": { "line": 111, "column": 38 }
			},
			"111": {
				"start": { "line": 112, "column": 0 },
				"end": { "line": 112, "column": 5 }
			},
			"112": {
				"start": { "line": 113, "column": 0 },
				"end": { "line": 113, "column": 19 }
			},
			"113": {
				"start": { "line": 114, "column": 0 },
				"end": { "line": 114, "column": 29 }
			},
			"114": {
				"start": { "line": 115, "column": 0 },
				"end": { "line": 115, "column": 31 }
			},
			"115": {
				"start": { "line": 116, "column": 0 },
				"end": { "line": 116, "column": 50 }
			},
			"116": {
				"start": { "line": 117, "column": 0 },
				"end": { "line": 117, "column": 5 }
			},
			"117": {
				"start": { "line": 118, "column": 0 },
				"end": { "line": 118, "column": 19 }
			},
			"118": {
				"start": { "line": 119, "column": 0 },
				"end": { "line": 119, "column": 31 }
			},
			"119": {
				"start": { "line": 120, "column": 0 },
				"end": { "line": 120, "column": 33 }
			},
			"120": {
				"start": { "line": 121, "column": 0 },
				"end": { "line": 121, "column": 52 }
			},
			"121": {
				"start": { "line": 122, "column": 0 },
				"end": { "line": 122, "column": 5 }
			},
			"122": {
				"start": { "line": 123, "column": 0 },
				"end": { "line": 123, "column": 19 }
			},
			"123": {
				"start": { "line": 124, "column": 0 },
				"end": { "line": 124, "column": 84 }
			},
			"124": {
				"start": { "line": 125, "column": 0 },
				"end": { "line": 125, "column": 25 }
			},
			"125": {
				"start": { "line": 126, "column": 0 },
				"end": { "line": 126, "column": 45 }
			},
			"126": {
				"start": { "line": 127, "column": 0 },
				"end": { "line": 127, "column": 5 }
			},
			"127": {
				"start": { "line": 128, "column": 0 },
				"end": { "line": 128, "column": 3 }
			},
			"128": {
				"start": { "line": 129, "column": 0 },
				"end": { "line": 129, "column": 0 }
			},
			"129": {
				"start": { "line": 130, "column": 0 },
				"end": { "line": 130, "column": 37 }
			},
			"130": {
				"start": { "line": 131, "column": 0 },
				"end": { "line": 131, "column": 19 }
			},
			"131": {
				"start": { "line": 132, "column": 0 },
				"end": { "line": 132, "column": 23 }
			},
			"132": {
				"start": { "line": 133, "column": 0 },
				"end": { "line": 133, "column": 30 }
			},
			"133": {
				"start": { "line": 134, "column": 0 },
				"end": { "line": 134, "column": 4 }
			},
			"134": {
				"start": { "line": 135, "column": 0 },
				"end": { "line": 135, "column": 3 }
			},
			"135": {
				"start": { "line": 136, "column": 0 },
				"end": { "line": 136, "column": 1 }
			}
		},
		"s": {
			"0": 0,
			"1": 0,
			"2": 0,
			"3": 0,
			"4": 0,
			"5": 0,
			"6": 0,
			"7": 0,
			"8": 0,
			"9": 0,
			"10": 0,
			"11": 0,
			"12": 0,
			"13": 0,
			"14": 0,
			"15": 0,
			"16": 0,
			"17": 0,
			"18": 0,
			"19": 0,
			"20": 0,
			"21": 0,
			"22": 0,
			"23": 0,
			"24": 0,
			"25": 0,
			"26": 0,
			"27": 0,
			"28": 0,
			"29": 0,
			"30": 0,
			"31": 0,
			"32": 0,
			"33": 0,
			"34": 0,
			"35": 0,
			"36": 0,
			"37": 0,
			"38": 0,
			"39": 0,
			"40": 0,
			"41": 0,
			"42": 0,
			"43": 0,
			"44": 0,
			"45": 0,
			"46": 0,
			"47": 0,
			"48": 0,
			"49": 0,
			"50": 0,
			"51": 0,
			"52": 0,
			"53": 0,
			"54": 0,
			"55": 0,
			"56": 0,
			"57": 0,
			"58": 0,
			"59": 0,
			"60": 0,
			"61": 0,
			"62": 0,
			"63": 0,
			"64": 0,
			"65": 0,
			"66": 0,
			"67": 0,
			"68": 0,
			"69": 0,
			"70": 0,
			"71": 0,
			"72": 0,
			"73": 0,
			"74": 0,
			"75": 0,
			"76": 0,
			"77": 0,
			"78": 0,
			"79": 0,
			"80": 0,
			"81": 0,
			"82": 0,
			"83": 0,
			"84": 0,
			"85": 0,
			"86": 0,
			"87": 0,
			"88": 0,
			"89": 0,
			"90": 0,
			"91": 0,
			"92": 0,
			"93": 0,
			"94": 0,
			"95": 0,
			"96": 0,
			"97": 0,
			"98": 0,
			"99": 0,
			"100": 0,
			"101": 0,
			"102": 0,
			"103": 0,
			"104": 0,
			"105": 0,
			"106": 0,
			"107": 0,
			"108": 0,
			"109": 0,
			"110": 0,
			"111": 0,
			"112": 0,
			"113": 0,
			"114": 0,
			"115": 0,
			"116": 0,
			"117": 0,
			"118": 0,
			"119": 0,
			"120": 0,
			"121": 0,
			"122": 0,
			"123": 0,
			"124": 0,
			"125": 0,
			"126": 0,
			"127": 0,
			"128": 0,
			"129": 0,
			"130": 0,
			"131": 0,
			"132": 0,
			"133": 0,
			"134": 0,
			"135": 0
		},
		"branchMap": {
			"0": {
				"type": "branch",
				"line": 1,
				"loc": {
					"start": { "line": 1, "column": 0 },
					"end": { "line": 136, "column": 1 }
				},
				"locations": [
					{
						"start": { "line": 1, "column": 0 },
						"end": { "line": 136, "column": 1 }
					}
				]
			}
		},
		"b": { "0": [0] },
		"fnMap": {
			"0": {
				"name": "(empty-report)",
				"decl": {
					"start": { "line": 1, "column": 0 },
					"end": { "line": 136, "column": 1 }
				},
				"loc": {
					"start": { "line": 1, "column": 0 },
					"end": { "line": 136, "column": 1 }
				},
				"line": 1
			}
		},
		"f": { "0": 0 }
	},
	"/home/runner/work/obsidian-interval-timer/obsidian-interval-timer/src/notifier.ts": {
		"path": "/home/runner/work/obsidian-interval-timer/obsidian-interval-timer/src/notifier.ts",
		"all": true,
		"statementMap": {
			"0": {
				"start": { "line": 1, "column": 0 },
				"end": { "line": 1, "column": 35 }
			},
			"1": {
				"start": { "line": 2, "column": 0 },
				"end": { "line": 2, "column": 32 }
			},
			"2": {
				"start": { "line": 3, "column": 0 },
				"end": { "line": 3, "column": 34 }
			},
			"3": {
				"start": { "line": 4, "column": 0 },
				"end": { "line": 4, "column": 0 }
			},
			"4": {
				"start": { "line": 5, "column": 0 },
				"end": { "line": 5, "column": 52 }
			},
			"5": {
				"start": { "line": 6, "column": 0 },
				"end": { "line": 6, "column": 0 }
			},
			"6": {
				"start": { "line": 7, "column": 0 },
				"end": { "line": 7, "column": 68 }
			},
			"7": {
				"start": { "line": 8, "column": 0 },
				"end": { "line": 8, "column": 13 }
			},
			"8": {
				"start": { "line": 9, "column": 0 },
				"end": { "line": 9, "column": 25 }
			},
			"9": {
				"start": { "line": 10, "column": 0 },
				"end": { "line": 10, "column": 46 }
			},
			"10": {
				"start": { "line": 11, "column": 0 },
				"end": { "line": 11, "column": 19 }
			},
			"11": {
				"start": { "line": 12, "column": 0 },
				"end": { "line": 12, "column": 27 }
			},
			"12": {
				"start": { "line": 13, "column": 0 },
				"end": { "line": 13, "column": 13 }
			},
			"13": {
				"start": { "line": 14, "column": 0 },
				"end": { "line": 14, "column": 4 }
			},
			"14": {
				"start": { "line": 15, "column": 0 },
				"end": { "line": 15, "column": 25 }
			},
			"15": {
				"start": { "line": 16, "column": 0 },
				"end": { "line": 16, "column": 23 }
			},
			"16": {
				"start": { "line": 17, "column": 0 },
				"end": { "line": 17, "column": 4 }
			},
			"17": {
				"start": { "line": 18, "column": 0 },
				"end": { "line": 18, "column": 16 }
			}
		},
		"s": {
			"0": 0,
			"1": 0,
			"2": 0,
			"3": 0,
			"4": 0,
			"5": 0,
			"6": 0,
			"7": 0,
			"8": 0,
			"9": 0,
			"10": 0,
			"11": 0,
			"12": 0,
			"13": 0,
			"14": 0,
			"15": 0,
			"16": 0,
			"17": 0
		},
		"branchMap": {
			"0": {
				"type": "branch",
				"line": 1,
				"loc": {
					"start": { "line": 1, "column": 0 },
					"end": { "line": 18, "column": 16 }
				},
				"locations": [
					{
						"start": { "line": 1, "column": 0 },
						"end": { "line": 18, "column": 16 }
					}
				]
			}
		},
		"b": { "0": [0] },
		"fnMap": {
			"0": {
				"name": "(empty-report)",
				"decl": {
					"start": { "line": 1, "column": 0 },
					"end": { "line": 18, "column": 16 }
				},
				"loc": {
					"start": { "line": 1, "column": 0 },
					"end": { "line": 18, "column": 16 }
				},
				"line": 1
			}
		},
		"f": { "0": 0 }
	},
	"/home/runner/work/obsidian-interval-timer/obsidian-interval-timer/src/settingTab.ts": {
		"path": "/home/runner/work/obsidian-interval-timer/obsidian-interval-timer/src/settingTab.ts",
		"all": true,
		"statementMap": {
			"0": {
				"start": { "line": 1, "column": 0 },
				"end": { "line": 1, "column": 58 }
			},
			"1": {
				"start": { "line": 2, "column": 0 },
				"end": { "line": 2, "column": 28 }
			},
			"2": {
				"start": { "line": 3, "column": 0 },
				"end": { "line": 3, "column": 47 }
			},
			"3": {
				"start": { "line": 4, "column": 0 },
				"end": { "line": 4, "column": 0 }
			},
			"4": {
				"start": { "line": 5, "column": 0 },
				"end": { "line": 5, "column": 29 }
			},
			"5": {
				"start": { "line": 6, "column": 0 },
				"end": { "line": 6, "column": 31 }
			},
			"6": {
				"start": { "line": 7, "column": 0 },
				"end": { "line": 7, "column": 28 }
			},
			"7": {
				"start": { "line": 8, "column": 0 },
				"end": { "line": 8, "column": 27 }
			},
			"8": {
				"start": { "line": 9, "column": 0 },
				"end": { "line": 9, "column": 24 }
			},
			"9": {
				"start": { "line": 10, "column": 0 },
				"end": { "line": 10, "column": 38 }
			},
			"10": {
				"start": { "line": 11, "column": 0 },
				"end": { "line": 11, "column": 47 }
			},
			"11": {
				"start": { "line": 12, "column": 0 },
				"end": { "line": 12, "column": 2 }
			},
			"12": {
				"start": { "line": 13, "column": 0 },
				"end": { "line": 13, "column": 0 }
			},
			"13": {
				"start": { "line": 14, "column": 0 },
				"end": { "line": 14, "column": 48 }
			},
			"14": {
				"start": { "line": 15, "column": 0 },
				"end": { "line": 15, "column": 27 }
			},
			"15": {
				"start": { "line": 16, "column": 0 },
				"end": { "line": 16, "column": 23 }
			},
			"16": {
				"start": { "line": 17, "column": 0 },
				"end": { "line": 17, "column": 23 }
			},
			"17": {
				"start": { "line": 18, "column": 0 },
				"end": { "line": 18, "column": 19 }
			},
			"18": {
				"start": { "line": 19, "column": 0 },
				"end": { "line": 19, "column": 29 }
			},
			"19": {
				"start": { "line": 20, "column": 0 },
				"end": { "line": 20, "column": 37 }
			},
			"20": {
				"start": { "line": 21, "column": 0 },
				"end": { "line": 21, "column": 2 }
			},
			"21": {
				"start": { "line": 22, "column": 0 },
				"end": { "line": 22, "column": 0 }
			},
			"22": {
				"start": { "line": 23, "column": 0 },
				"end": { "line": 23, "column": 50 }
			},
			"23": {
				"start": { "line": 24, "column": 0 },
				"end": { "line": 24, "column": 16 }
			},
			"24": {
				"start": { "line": 25, "column": 0 },
				"end": { "line": 25, "column": 0 }
			},
			"25": {
				"start": { "line": 26, "column": 0 },
				"end": { "line": 26, "column": 40 }
			},
			"26": {
				"start": { "line": 27, "column": 0 },
				"end": { "line": 27, "column": 21 }
			},
			"27": {
				"start": { "line": 28, "column": 0 },
				"end": { "line": 28, "column": 23 }
			},
			"28": {
				"start": { "line": 29, "column": 0 },
				"end": { "line": 29, "column": 2 }
			},
			"29": {
				"start": { "line": 30, "column": 0 },
				"end": { "line": 30, "column": 0 }
			},
			"30": {
				"start": { "line": 31, "column": 0 },
				"end": { "line": 31, "column": 18 }
			},
			"31": {
				"start": { "line": 32, "column": 0 },
				"end": { "line": 32, "column": 31 }
			},
			"32": {
				"start": { "line": 33, "column": 0 },
				"end": { "line": 33, "column": 0 }
			},
			"33": {
				"start": { "line": 34, "column": 0 },
				"end": { "line": 34, "column": 22 }
			},
			"34": {
				"start": { "line": 35, "column": 0 },
				"end": { "line": 35, "column": 0 }
			},
			"35": {
				"start": { "line": 36, "column": 0 },
				"end": { "line": 36, "column": 60 }
			},
			"36": {
				"start": { "line": 37, "column": 0 },
				"end": { "line": 37, "column": 0 }
			},
			"37": {
				"start": { "line": 38, "column": 0 },
				"end": { "line": 38, "column": 26 }
			},
			"38": {
				"start": { "line": 39, "column": 0 },
				"end": { "line": 39, "column": 48 }
			},
			"39": {
				"start": { "line": 40, "column": 0 },
				"end": { "line": 40, "column": 21 }
			},
			"40": {
				"start": { "line": 41, "column": 0 },
				"end": { "line": 41, "column": 8 }
			},
			"41": {
				"start": { "line": 42, "column": 0 },
				"end": { "line": 42, "column": 35 }
			},
			"42": {
				"start": { "line": 43, "column": 0 },
				"end": { "line": 43, "column": 15 }
			},
			"43": {
				"start": { "line": 44, "column": 0 },
				"end": { "line": 44, "column": 57 }
			},
			"44": {
				"start": { "line": 45, "column": 0 },
				"end": { "line": 45, "column": 6 }
			},
			"45": {
				"start": { "line": 46, "column": 0 },
				"end": { "line": 46, "column": 33 }
			},
			"46": {
				"start": { "line": 47, "column": 0 },
				"end": { "line": 47, "column": 50 }
			},
			"47": {
				"start": { "line": 48, "column": 0 },
				"end": { "line": 48, "column": 21 }
			},
			"48": {
				"start": { "line": 49, "column": 0 },
				"end": { "line": 49, "column": 39 }
			},
			"49": {
				"start": { "line": 50, "column": 0 },
				"end": { "line": 50, "column": 8 }
			},
			"50": {
				"start": { "line": 51, "column": 0 },
				"end": { "line": 51, "column": 5 }
			},
			"51": {
				"start": { "line": 52, "column": 0 },
				"end": { "line": 52, "column": 0 }
			},
			"52": {
				"start": { "line": 53, "column": 0 },
				"end": { "line": 53, "column": 26 }
			},
			"53": {
				"start": { "line": 54, "column": 0 },
				"end": { "line": 54, "column": 45 }
			},
			"54": {
				"start": { "line": 55, "column": 0 },
				"end": { "line": 55, "column": 21 }
			},
			"55": {
				"start": { "line": 56, "column": 0 },
				"end": { "line": 56, "column": 8 }
			},
			"56": {
				"start": { "line": 57, "column": 0 },
				"end": { "line": 57, "column": 34 }
			},
			"57": {
				"start": { "line": 58, "column": 0 },
				"end": { "line": 58, "column": 63 }
			},
			"58": {
				"start": { "line": 59, "column": 0 },
				"end": { "line": 59, "column": 33 }
			},
			"59": {
				"start": { "line": 60, "column": 0 },
				"end": { "line": 60, "column": 62 }
			},
			"60": {
				"start": { "line": 61, "column": 0 },
				"end": { "line": 61, "column": 39 }
			},
			"61": {
				"start": { "line": 62, "column": 0 },
				"end": { "line": 62, "column": 8 }
			},
			"62": {
				"start": { "line": 63, "column": 0 },
				"end": { "line": 63, "column": 5 }
			},
			"63": {
				"start": { "line": 64, "column": 0 },
				"end": { "line": 64, "column": 0 }
			},
			"64": {
				"start": { "line": 65, "column": 0 },
				"end": { "line": 65, "column": 26 }
			},
			"65": {
				"start": { "line": 66, "column": 0 },
				"end": { "line": 66, "column": 44 }
			},
			"66": {
				"start": { "line": 67, "column": 0 },
				"end": { "line": 67, "column": 21 }
			},
			"67": {
				"start": { "line": 68, "column": 0 },
				"end": { "line": 68, "column": 8 }
			},
			"68": {
				"start": { "line": 69, "column": 0 },
				"end": { "line": 69, "column": 35 }
			},
			"69": {
				"start": { "line": 70, "column": 0 },
				"end": { "line": 70, "column": 62 }
			},
			"70": {
				"start": { "line": 71, "column": 0 },
				"end": { "line": 71, "column": 33 }
			},
			"71": {
				"start": { "line": 72, "column": 0 },
				"end": { "line": 72, "column": 61 }
			},
			"72": {
				"start": { "line": 73, "column": 0 },
				"end": { "line": 73, "column": 39 }
			},
			"73": {
				"start": { "line": 74, "column": 0 },
				"end": { "line": 74, "column": 8 }
			},
			"74": {
				"start": { "line": 75, "column": 0 },
				"end": { "line": 75, "column": 5 }
			},
			"75": {
				"start": { "line": 76, "column": 0 },
				"end": { "line": 76, "column": 0 }
			},
			"76": {
				"start": { "line": 77, "column": 0 },
				"end": { "line": 77, "column": 26 }
			},
			"77": {
				"start": { "line": 78, "column": 0 },
				"end": { "line": 78, "column": 49 }
			},
			"78": {
				"start": { "line": 79, "column": 0 },
				"end": { "line": 79, "column": 21 }
			},
			"79": {
				"start": { "line": 80, "column": 0 },
				"end": { "line": 80, "column": 8 }
			},
			"80": {
				"start": { "line": 81, "column": 0 },
				"end": { "line": 81, "column": 34 }
			},
			"81": {
				"start": { "line": 82, "column": 0 },
				"end": { "line": 82, "column": 59 }
			},
			"82": {
				"start": { "line": 83, "column": 0 },
				"end": { "line": 83, "column": 33 }
			},
			"83": {
				"start": { "line": 84, "column": 0 },
				"end": { "line": 84, "column": 58 }
			},
			"84": {
				"start": { "line": 85, "column": 0 },
				"end": { "line": 85, "column": 39 }
			},
			"85": {
				"start": { "line": 86, "column": 0 },
				"end": { "line": 86, "column": 8 }
			},
			"86": {
				"start": { "line": 87, "column": 0 },
				"end": { "line": 87, "column": 5 }
			},
			"87": {
				"start": { "line": 88, "column": 0 },
				"end": { "line": 88, "column": 0 }
			},
			"88": {
				"start": { "line": 89, "column": 0 },
				"end": { "line": 89, "column": 64 }
			},
			"89": {
				"start": { "line": 90, "column": 0 },
				"end": { "line": 90, "column": 0 }
			},
			"90": {
				"start": { "line": 91, "column": 0 },
				"end": { "line": 91, "column": 71 }
			},
			"91": {
				"start": { "line": 92, "column": 0 },
				"end": { "line": 92, "column": 11 }
			},
			"92": {
				"start": { "line": 93, "column": 0 },
				"end": { "line": 93, "column": 34 }
			},
			"93": {
				"start": { "line": 94, "column": 0 },
				"end": { "line": 94, "column": 34 }
			},
			"94": {
				"start": { "line": 95, "column": 0 },
				"end": { "line": 95, "column": 53 }
			},
			"95": {
				"start": { "line": 96, "column": 0 },
				"end": { "line": 96, "column": 32 }
			},
			"96": {
				"start": { "line": 97, "column": 0 },
				"end": { "line": 97, "column": 45 }
			},
			"97": {
				"start": { "line": 98, "column": 0 },
				"end": { "line": 98, "column": 33 }
			},
			"98": {
				"start": { "line": 99, "column": 0 },
				"end": { "line": 99, "column": 38 }
			},
			"99": {
				"start": { "line": 100, "column": 0 },
				"end": { "line": 100, "column": 7 }
			},
			"100": {
				"start": { "line": 101, "column": 0 },
				"end": { "line": 101, "column": 5 }
			},
			"101": {
				"start": { "line": 102, "column": 0 },
				"end": { "line": 102, "column": 2 }
			},
			"102": {
				"start": { "line": 103, "column": 0 },
				"end": { "line": 103, "column": 1 }
			}
		},
		"s": {
			"0": 0,
			"1": 0,
			"2": 0,
			"3": 0,
			"4": 0,
			"5": 0,
			"6": 0,
			"7": 0,
			"8": 0,
			"9": 0,
			"10": 0,
			"11": 0,
			"12": 0,
			"13": 0,
			"14": 0,
			"15": 0,
			"16": 0,
			"17": 0,
			"18": 0,
			"19": 0,
			"20": 0,
			"21": 0,
			"22": 0,
			"23": 0,
			"24": 0,
			"25": 0,
			"26": 0,
			"27": 0,
			"28": 0,
			"29": 0,
			"30": 0,
			"31": 0,
			"32": 0,
			"33": 0,
			"34": 0,
			"35": 0,
			"36": 0,
			"37": 0,
			"38": 0,
			"39": 0,
			"40": 0,
			"41": 0,
			"42": 0,
			"43": 0,
			"44": 0,
			"45": 0,
			"46": 0,
			"47": 0,
			"48": 0,
			"49": 0,
			"50": 0,
			"51": 0,
			"52": 0,
			"53": 0,
			"54": 0,
			"55": 0,
			"56": 0,
			"57": 0,
			"58": 0,
			"59": 0,
			"60": 0,
			"61": 0,
			"62": 0,
			"63": 0,
			"64": 0,
			"65": 0,
			"66": 0,
			"67": 0,
			"68": 0,
			"69": 0,
			"70": 0,
			"71": 0,
			"72": 0,
			"73": 0,
			"74": 0,
			"75": 0,
			"76": 0,
			"77": 0,
			"78": 0,
			"79": 0,
			"80": 0,
			"81": 0,
			"82": 0,
			"83": 0,
			"84": 0,
			"85": 0,
			"86": 0,
			"87": 0,
			"88": 0,
			"89": 0,
			"90": 0,
			"91": 0,
			"92": 0,
			"93": 0,
			"94": 0,
			"95": 0,
			"96": 0,
			"97": 0,
			"98": 0,
			"99": 0,
			"100": 0,
			"101": 0,
			"102": 0
		},
		"branchMap": {
			"0": {
				"type": "branch",
				"line": 1,
				"loc": {
					"start": { "line": 1, "column": 0 },
					"end": { "line": 103, "column": 1 }
				},
				"locations": [
					{
						"start": { "line": 1, "column": 0 },
						"end": { "line": 103, "column": 1 }
					}
				]
			}
		},
		"b": { "0": [0] },
		"fnMap": {
			"0": {
				"name": "(empty-report)",
				"decl": {
					"start": { "line": 1, "column": 0 },
					"end": { "line": 103, "column": 1 }
				},
				"loc": {
					"start": { "line": 1, "column": 0 },
					"end": { "line": 103, "column": 1 }
				},
				"line": 1
			}
		},
		"f": { "0": 0 }
	},
	"/home/runner/work/obsidian-interval-timer/obsidian-interval-timer/src/statusBar.ts": {
		"path": "/home/runner/work/obsidian-interval-timer/obsidian-interval-timer/src/statusBar.ts",
		"all": true,
		"statementMap": {
			"3": {
				"start": { "line": 4, "column": 0 },
				"end": { "line": 4, "column": 24 }
			},
			"6": {
				"start": { "line": 7, "column": 0 },
				"end": { "line": 7, "column": 45 }
			},
			"7": {
				"start": { "line": 8, "column": 0 },
				"end": { "line": 8, "column": 40 }
			},
			"8": {
				"start": { "line": 9, "column": 0 },
				"end": { "line": 9, "column": 2 }
			},
			"10": {
				"start": { "line": 11, "column": 0 },
				"end": { "line": 11, "column": 18 }
			},
			"11": {
				"start": { "line": 12, "column": 0 },
				"end": { "line": 12, "column": 44 }
			},
			"12": {
				"start": { "line": 13, "column": 0 },
				"end": { "line": 13, "column": 13 }
			},
			"13": {
				"start": { "line": 14, "column": 0 },
				"end": { "line": 14, "column": 41 }
			},
			"14": {
				"start": { "line": 15, "column": 0 },
				"end": { "line": 15, "column": 7 }
			},
			"15": {
				"start": { "line": 16, "column": 0 },
				"end": { "line": 16, "column": 29 }
			},
			"16": {
				"start": { "line": 17, "column": 0 },
				"end": { "line": 17, "column": 62 }
			},
			"17": {
				"start": { "line": 18, "column": 0 },
				"end": { "line": 18, "column": 4 }
			},
			"18": {
				"start": { "line": 19, "column": 0 },
				"end": { "line": 19, "column": 34 }
			},
			"19": {
				"start": { "line": 20, "column": 0 },
				"end": { "line": 20, "column": 11 }
			},
			"20": {
				"start": { "line": 21, "column": 0 },
				"end": { "line": 21, "column": 33 }
			},
			"21": {
				"start": { "line": 22, "column": 0 },
				"end": { "line": 22, "column": 22 }
			},
			"22": {
				"start": { "line": 23, "column": 0 },
				"end": { "line": 23, "column": 23 }
			},
			"23": {
				"start": { "line": 24, "column": 0 },
				"end": { "line": 24, "column": 4 }
			},
			"24": {
				"start": { "line": 25, "column": 0 },
				"end": { "line": 25, "column": 3 }
			},
			"26": {
				"start": { "line": 27, "column": 0 },
				"end": { "line": 27, "column": 57 }
			},
			"27": {
				"start": { "line": 28, "column": 0 },
				"end": { "line": 28, "column": 47 }
			},
			"28": {
				"start": { "line": 29, "column": 0 },
				"end": { "line": 29, "column": 41 }
			},
			"29": {
				"start": { "line": 30, "column": 0 },
				"end": { "line": 30, "column": 25 }
			},
			"30": {
				"start": { "line": 31, "column": 0 },
				"end": { "line": 31, "column": 5 }
			},
			"31": {
				"start": { "line": 32, "column": 0 },
				"end": { "line": 32, "column": 3 }
			},
			"33": {
				"start": { "line": 34, "column": 0 },
				"end": { "line": 34, "column": 41 }
			},
			"34": {
				"start": { "line": 35, "column": 0 },
				"end": { "line": 35, "column": 53 }
			},
			"35": {
				"start": { "line": 36, "column": 0 },
				"end": { "line": 36, "column": 16 }
			},
			"36": {
				"start": { "line": 37, "column": 0 },
				"end": { "line": 37, "column": 23 }
			},
			"37": {
				"start": { "line": 38, "column": 0 },
				"end": { "line": 38, "column": 1 }
			}
		},
		"s": {
			"3": 0,
			"6": 0,
			"7": 0,
			"8": 0,
			"10": 0,
			"11": 0,
			"12": 0,
			"13": 0,
			"14": 0,
			"15": 0,
			"16": 0,
			"17": 0,
			"18": 0,
			"19": 0,
			"20": 0,
			"21": 0,
			"22": 0,
			"23": 0,
			"24": 0,
			"26": 0,
			"27": 0,
			"28": 0,
			"29": 0,
			"30": 0,
			"31": 0,
			"33": 0,
			"34": 0,
			"35": 0,
			"36": 0,
			"37": 0
		},
		"branchMap": {
			"0": {
				"type": "branch",
				"line": 1,
				"loc": {
					"start": { "line": 1, "column": 942 },
					"end": { "line": 38, "column": 1 }
				},
				"locations": [
					{
						"start": { "line": 1, "column": 942 },
						"end": { "line": 38, "column": 1 }
					}
				]
			}
		},
		"b": { "0": [1] },
		"fnMap": {
			"0": {
				"name": "(empty-report)",
				"decl": {
					"start": { "line": 1, "column": 942 },
					"end": { "line": 38, "column": 1 }
				},
				"loc": {
					"start": { "line": 1, "column": 942 },
					"end": { "line": 38, "column": 1 }
				},
				"line": 1
			}
		},
		"f": { "0": 1 }
	},
	"/home/runner/work/obsidian-interval-timer/obsidian-interval-timer/src/time.ts": {
		"path": "/home/runner/work/obsidian-interval-timer/obsidian-interval-timer/src/time.ts",
		"all": true,
		"statementMap": {},
		"s": {},
		"branchMap": {
			"0": {
				"type": "branch",
				"line": 1,
				"loc": {
					"start": { "line": 1, "column": 463 },
					"end": { "line": 65, "column": 58 }
				},
				"locations": [
					{
						"start": { "line": 1, "column": 463 },
						"end": { "line": 65, "column": 58 }
					}
				]
			}
		},
		"b": { "0": [1] },
		"fnMap": {
			"0": {
				"name": "(empty-report)",
				"decl": {
					"start": { "line": 1, "column": 463 },
					"end": { "line": 65, "column": 58 }
				},
				"loc": {
					"start": { "line": 1, "column": 463 },
					"end": { "line": 65, "column": 58 }
				},
				"line": 1
			}
		},
		"f": { "0": 1 }
	}
}
